Using pre-set license
Built from '2022.3/staging' branch; Version is '2022.3.2f1 (d74737c6db50) revision 14108471'; Using compiler version '192829333'; Build Type 'Release'
OS: 'Windows 10  (10.0.19045) 64bit Professional' Language: 'ru' Physical Memory: 32689 MB
BatchMode: 1, IsHumanControllingUs: 0, StartBugReporterOnCrash: 0, Is64bit: 1, IsPro: 1

COMMAND LINE ARGUMENTS:
C:\Program Files\Unity\Hub\Editor\2022.3.2f1\Editor\Unity.exe
-adb2
-batchMode
-noUpm
-name
AssetImportWorker3
-projectPath
C:/Users/bosst/Documents/GitHub/Maze
-logFile
Logs/AssetImportWorker3.log
-srvPort
50498
Successfully changed project path to: C:/Users/bosst/Documents/GitHub/Maze
C:/Users/bosst/Documents/GitHub/Maze
[UnityMemory] Configuration Parameters - Can be set up in boot.config
    "memorysetup-bucket-allocator-granularity=16"
    "memorysetup-bucket-allocator-bucket-count=8"
    "memorysetup-bucket-allocator-block-size=33554432"
    "memorysetup-bucket-allocator-block-count=8"
    "memorysetup-main-allocator-block-size=16777216"
    "memorysetup-thread-allocator-block-size=16777216"
    "memorysetup-gfx-main-allocator-block-size=16777216"
    "memorysetup-gfx-thread-allocator-block-size=16777216"
    "memorysetup-cache-allocator-block-size=4194304"
    "memorysetup-typetree-allocator-block-size=2097152"
    "memorysetup-profiler-bucket-allocator-granularity=16"
    "memorysetup-profiler-bucket-allocator-bucket-count=8"
    "memorysetup-profiler-bucket-allocator-block-size=33554432"
    "memorysetup-profiler-bucket-allocator-block-count=8"
    "memorysetup-profiler-allocator-block-size=16777216"
    "memorysetup-profiler-editor-allocator-block-size=1048576"
    "memorysetup-temp-allocator-size-main=16777216"
    "memorysetup-job-temp-allocator-block-size=2097152"
    "memorysetup-job-temp-allocator-block-size-background=1048576"
    "memorysetup-job-temp-allocator-reduction-small-platforms=262144"
    "memorysetup-allocator-temp-initial-block-size-main=262144"
    "memorysetup-allocator-temp-initial-block-size-worker=262144"
    "memorysetup-temp-allocator-size-background-worker=32768"
    "memorysetup-temp-allocator-size-job-worker=262144"
    "memorysetup-temp-allocator-size-preload-manager=33554432"
    "memorysetup-temp-allocator-size-nav-mesh-worker=65536"
    "memorysetup-temp-allocator-size-audio-worker=65536"
    "memorysetup-temp-allocator-size-cloud-worker=32768"
    "memorysetup-temp-allocator-size-gi-baking-worker=262144"
    "memorysetup-temp-allocator-size-gfx=262144"
Player connection [3764] Host "[IP] 192.168.100.60 [Port] 0 [Flags] 2 [Guid] 1306451732 [EditorId] 1306451732 [Version] 1048832 [Id] WindowsEditor(7,DESKTOP-5K0KTD2) [Debug] 1 [PackageName] WindowsEditor [ProjectName] Editor" joined multi-casting on [225.0.0.222:54997]...

Player connection [3764] Host "[IP] 192.168.100.60 [Port] 0 [Flags] 2 [Guid] 1306451732 [EditorId] 1306451732 [Version] 1048832 [Id] WindowsEditor(7,DESKTOP-5K0KTD2) [Debug] 1 [PackageName] WindowsEditor [ProjectName] Editor" joined alternative multi-casting on [225.0.0.222:34997]...

Refreshing native plugins compatible for Editor in 8.01 ms, found 3 plugins.
Preloading 0 native plugins for Editor in 0.00 ms.
Initialize engine version: 2022.3.2f1 (d74737c6db50)
[Subsystems] Discovering subsystems at path C:/Program Files/Unity/Hub/Editor/2022.3.2f1/Editor/Data/Resources/UnitySubsystems
[Subsystems] Discovering subsystems at path C:/Users/bosst/Documents/GitHub/Maze/Assets
GfxDevice: creating device client; threaded=0; jobified=0
Direct3D:
    Version:  Direct3D 11.0 [level 11.1]
    Renderer: NVIDIA GeForce RTX 3080 Ti (ID=0x2208)
    Vendor:   NVIDIA
    VRAM:     12100 MB
    Driver:   31.0.15.3699
Initialize mono
Mono path[0] = 'C:/Program Files/Unity/Hub/Editor/2022.3.2f1/Editor/Data/Managed'
Mono path[1] = 'C:/Program Files/Unity/Hub/Editor/2022.3.2f1/Editor/Data/MonoBleedingEdge/lib/mono/unityjit-win32'
Mono config path = 'C:/Program Files/Unity/Hub/Editor/2022.3.2f1/Editor/Data/MonoBleedingEdge/etc'
Using monoOptions --debugger-agent=transport=dt_socket,embedding=1,server=y,suspend=n,address=127.0.0.1:56176
Begin MonoManager ReloadAssembly
Registering precompiled unity dll's ...
Register platform support module: C:/Program Files/Unity/Hub/Editor/2022.3.2f1/Editor/Data/PlaybackEngines/WebGLSupport/UnityEditor.WebGL.Extensions.dll
Register platform support module: C:/Program Files/Unity/Hub/Editor/2022.3.2f1/Editor/Data/PlaybackEngines/WindowsStandaloneSupport/UnityEditor.WindowsStandalone.Extensions.dll
Registered in 0.009893 seconds.
- Loaded All Assemblies, in  0.259 seconds
Native extension for WindowsStandalone target not found
Native extension for WebGL target not found
Mono: successfully reloaded assembly
- Finished resetting the current domain, in  0.198 seconds
Domain Reload Profiling: 455ms
	BeginReloadAssembly (68ms)
		ExecutionOrderSort (0ms)
		DisableScriptedObjects (0ms)
		BackupInstance (0ms)
		ReleaseScriptingObjects (0ms)
		CreateAndSetChildDomain (1ms)
	RebuildCommonClasses (25ms)
	RebuildNativeTypeToScriptingClass (8ms)
	initialDomainReloadingComplete (52ms)
	LoadAllAssembliesAndSetupDomain (103ms)
		LoadAssemblies (67ms)
		RebuildTransferFunctionScriptingTraits (0ms)
		AnalyzeDomain (98ms)
			TypeCache.Refresh (97ms)
				TypeCache.ScanAssembly (89ms)
			ScanForSourceGeneratedMonoScriptInfo (0ms)
			ResolveRequiredComponents (0ms)
	FinalizeReload (199ms)
		ReleaseScriptCaches (0ms)
		RebuildScriptCaches (0ms)
		SetupLoadedEditorAssemblies (156ms)
			LogAssemblyErrors (0ms)
			InitializePlatformSupportModulesInManaged (9ms)
			SetLoadedEditorAssemblies (4ms)
			RefreshPlugins (0ms)
			BeforeProcessingInitializeOnLoad (2ms)
			ProcessInitializeOnLoadAttributes (106ms)
			ProcessInitializeOnLoadMethodAttributes (36ms)
			AfterProcessingInitializeOnLoad (0ms)
			EditorAssembliesLoaded (0ms)
		ExecutionOrderSort2 (0ms)
		AwakeInstancesAfterBackupRestoration (0ms)
========================================================================
Worker process is ready to serve import requests
Begin MonoManager ReloadAssembly
Symbol file LoadedFromMemory doesn't match image C:\Users\bosst\Documents\GitHub\Maze\Library\PackageCache\com.unity.visualscripting@1.8.0\Editor\VisualScripting.Core\Dependencies\YamlDotNet\Unity.VisualScripting.YamlDotNet.dll
Symbol file LoadedFromMemory doesn't match image C:\Users\bosst\Documents\GitHub\Maze\Library\PackageCache\com.unity.visualscripting@1.8.0\Editor\VisualScripting.Core\Dependencies\DotNetZip\Unity.VisualScripting.IonicZip.dll
- Loaded All Assemblies, in  0.518 seconds
Refreshing native plugins compatible for Editor in 2.60 ms, found 3 plugins.
Native extension for WindowsStandalone target not found
Native extension for WebGL target not found
Mono: successfully reloaded assembly
- Finished resetting the current domain, in  0.372 seconds
Domain Reload Profiling: 888ms
	BeginReloadAssembly (100ms)
		ExecutionOrderSort (0ms)
		DisableScriptedObjects (4ms)
		BackupInstance (0ms)
		ReleaseScriptingObjects (0ms)
		CreateAndSetChildDomain (16ms)
	RebuildCommonClasses (25ms)
	RebuildNativeTypeToScriptingClass (8ms)
	initialDomainReloadingComplete (34ms)
	LoadAllAssembliesAndSetupDomain (350ms)
		LoadAssemblies (194ms)
		RebuildTransferFunctionScriptingTraits (0ms)
		AnalyzeDomain (202ms)
			TypeCache.Refresh (189ms)
				TypeCache.ScanAssembly (180ms)
			ScanForSourceGeneratedMonoScriptInfo (10ms)
			ResolveRequiredComponents (3ms)
	FinalizeReload (373ms)
		ReleaseScriptCaches (0ms)
		RebuildScriptCaches (0ms)
		SetupLoadedEditorAssemblies (267ms)
			LogAssemblyErrors (0ms)
			InitializePlatformSupportModulesInManaged (6ms)
			SetLoadedEditorAssemblies (3ms)
			RefreshPlugins (0ms)
			BeforeProcessingInitializeOnLoad (48ms)
			ProcessInitializeOnLoadAttributes (188ms)
			ProcessInitializeOnLoadMethodAttributes (14ms)
			AfterProcessingInitializeOnLoad (7ms)
			EditorAssembliesLoaded (0ms)
		ExecutionOrderSort2 (0ms)
		AwakeInstancesAfterBackupRestoration (6ms)
Launched and connected shader compiler UnityShaderCompiler.exe after 0.03 seconds
Refreshing native plugins compatible for Editor in 2.55 ms, found 3 plugins.
Preloading 0 native plugins for Editor in 0.00 ms.
Unloading 3101 Unused Serialized files (Serialized files now loaded: 0)
Unloading 31 unused Assets / (56.3 KB). Loaded Objects now: 3567.
Memory consumption went from 120.5 MB to 120.5 MB.
Total: 2.336900 ms (FindLiveObjects: 0.170800 ms CreateObjectMapping: 0.072600 ms MarkObjects: 2.016100 ms  DeleteObjects: 0.076800 ms)

AssetImportParameters requested are different than current active one (requested -> active):
  custom:container-demuxer-ogg: 62fdf1f143b41e24485cea50d1cbac27 -> 
  custom:video-decoder-ogg-theora: a1e56fd34408186e4bbccfd4996cb3dc -> 
  custom:framework-win-MediaFoundation: 216162199b28c13a410421893ffa2e32 -> 
  custom:container-demuxer-webm: 4f35f7cbe854078d1ac9338744f61a02 -> 
  custom:container-muxer-webm: aa71ff27fc2769a1b78a27578f13a17b -> 
  custom:video-decoder-webm-vp8: 9c59270c3fd7afecdb556c50c9e8de78 -> 
  custom:AudioImporter_EditorPlatform: d09bf68614088b80899f8185d706f6e7 -> 
  custom:video-encoder-webm-vp8: eb34c28f22e8b96e1ab97ce403110664 -> 
  custom:audio-decoder-ogg-vorbis: bf7c407c2cedff20999df2af8eb42d56 -> 
  custom:audio-encoder-webm-vorbis: bf7c407c2cedff20999df2af8eb42d56 -> 
========================================================================
Received Prepare
Begin MonoManager ReloadAssembly
Symbol file LoadedFromMemory doesn't match image C:\Users\bosst\Documents\GitHub\Maze\Library\PackageCache\com.unity.visualscripting@1.8.0\Editor\VisualScripting.Core\Dependencies\YamlDotNet\Unity.VisualScripting.YamlDotNet.dll
Symbol file LoadedFromMemory doesn't match image C:\Users\bosst\Documents\GitHub\Maze\Library\PackageCache\com.unity.visualscripting@1.8.0\Editor\VisualScripting.Core\Dependencies\DotNetZip\Unity.VisualScripting.IonicZip.dll
- Loaded All Assemblies, in  0.531 seconds
Refreshing native plugins compatible for Editor in 2.63 ms, found 3 plugins.
Native extension for WindowsStandalone target not found
Native extension for WebGL target not found
Mono: successfully reloaded assembly
- Finished resetting the current domain, in  0.681 seconds
Domain Reload Profiling: 1208ms
	BeginReloadAssembly (112ms)
		ExecutionOrderSort (0ms)
		DisableScriptedObjects (4ms)
		BackupInstance (0ms)
		ReleaseScriptingObjects (0ms)
		CreateAndSetChildDomain (26ms)
	RebuildCommonClasses (24ms)
	RebuildNativeTypeToScriptingClass (8ms)
	initialDomainReloadingComplete (38ms)
	LoadAllAssembliesAndSetupDomain (344ms)
		LoadAssemblies (197ms)
		RebuildTransferFunctionScriptingTraits (0ms)
		AnalyzeDomain (195ms)
			TypeCache.Refresh (192ms)
				TypeCache.ScanAssembly (184ms)
			ScanForSourceGeneratedMonoScriptInfo (0ms)
			ResolveRequiredComponents (3ms)
	FinalizeReload (682ms)
		ReleaseScriptCaches (0ms)
		RebuildScriptCaches (0ms)
		SetupLoadedEditorAssemblies (286ms)
			LogAssemblyErrors (0ms)
			InitializePlatformSupportModulesInManaged (8ms)
			SetLoadedEditorAssemblies (3ms)
			RefreshPlugins (0ms)
			BeforeProcessingInitializeOnLoad (59ms)
			ProcessInitializeOnLoadAttributes (189ms)
			ProcessInitializeOnLoadMethodAttributes (17ms)
			AfterProcessingInitializeOnLoad (9ms)
			EditorAssembliesLoaded (0ms)
		ExecutionOrderSort2 (0ms)
		AwakeInstancesAfterBackupRestoration (7ms)
Refreshing native plugins compatible for Editor in 3.06 ms, found 3 plugins.
Preloading 0 native plugins for Editor in 0.00 ms.
Unloading 3081 Unused Serialized files (Serialized files now loaded: 0)
Unloading 22 unused Assets / (30.6 KB). Loaded Objects now: 3570.
Memory consumption went from 116.5 MB to 116.5 MB.
Total: 2.815700 ms (FindLiveObjects: 0.216400 ms CreateObjectMapping: 0.134300 ms MarkObjects: 2.415700 ms  DeleteObjects: 0.048800 ms)

Prepare: number of updated asset objects reloaded= 0
AssetImportParameters requested are different than current active one (requested -> active):
  custom:container-demuxer-ogg: 62fdf1f143b41e24485cea50d1cbac27 -> 
  custom:video-decoder-ogg-theora: a1e56fd34408186e4bbccfd4996cb3dc -> 
  custom:framework-win-MediaFoundation: 216162199b28c13a410421893ffa2e32 -> 
  custom:container-demuxer-webm: 4f35f7cbe854078d1ac9338744f61a02 -> 
  custom:container-muxer-webm: aa71ff27fc2769a1b78a27578f13a17b -> 
  custom:video-decoder-webm-vp8: 9c59270c3fd7afecdb556c50c9e8de78 -> 
  custom:AudioImporter_EditorPlatform: d09bf68614088b80899f8185d706f6e7 -> 
  custom:video-encoder-webm-vp8: eb34c28f22e8b96e1ab97ce403110664 -> 
  custom:audio-decoder-ogg-vorbis: bf7c407c2cedff20999df2af8eb42d56 -> 
  custom:audio-encoder-webm-vorbis: bf7c407c2cedff20999df2af8eb42d56 -> 
========================================================================
Received Import Request.
  Time since last request: 421180.555272 seconds.
  path: Assets/Game Buffs/Free Realistic Textures/Demo/Demo/ReflectionProbe-0.exr
  artifactKey: Guid(ac79601f5e2145548882c87ffe1835a6) Importer(815301076,1909f56bfc062723c751e8b465ee728b)
Start importing Assets/Game Buffs/Free Realistic Textures/Demo/Demo/ReflectionProbe-0.exr using Guid(ac79601f5e2145548882c87ffe1835a6) Importer(815301076,1909f56bfc062723c751e8b465ee728b)  -> (artifact id: 'da04abbfb2bd4bdd49e6d52a38028dee') in 0.075987 seconds
Number of updated asset objects reloaded before import = 0
Number of asset objects unloaded after import = 1
========================================================================
Received Import Request.
  Time since last request: 8.027934 seconds.
  path: Assets/Game Buffs/Free Realistic Textures/Textures/Shingle_Roof_12/Shingle_Roof_12.terrainlayer
  artifactKey: Guid(c078b6f37c3a4574f8f4747e81a2e80c) Importer(815301076,1909f56bfc062723c751e8b465ee728b)
Start importing Assets/Game Buffs/Free Realistic Textures/Textures/Shingle_Roof_12/Shingle_Roof_12.terrainlayer using Guid(c078b6f37c3a4574f8f4747e81a2e80c) Importer(815301076,1909f56bfc062723c751e8b465ee728b)  -> (artifact id: '215b2327c0914f9cc2a45e055d90c16e') in 0.065908 seconds
Number of updated asset objects reloaded before import = 0
Number of asset objects unloaded after import = 5
========================================================================
Received Import Request.
  Time since last request: 0.000026 seconds.
  path: Assets/Game Buffs/Free Realistic Textures/Textures/Shingle_Roof_12/Shingle_Roof_12_Height.png
  artifactKey: Guid(e2cb6c556563d394fa26d0ae2cc952d0) Importer(815301076,1909f56bfc062723c751e8b465ee728b)
Start importing Assets/Game Buffs/Free Realistic Textures/Textures/Shingle_Roof_12/Shingle_Roof_12_Height.png using Guid(e2cb6c556563d394fa26d0ae2cc952d0) Importer(815301076,1909f56bfc062723c751e8b465ee728b)  -> (artifact id: 'b0922c7d2474ecf3b06ad80b11a86c09') in 0.015792 seconds
Number of updated asset objects reloaded before import = 0
Number of asset objects unloaded after import = 2
========================================================================
Received Import Request.
  Time since last request: 0.000150 seconds.
  path: Assets/Game Buffs/Free Realistic Textures/Textures/Shingle_Roof_12/Shingle_Roof_12_Albedo.png
  artifactKey: Guid(870958e8b350742449f3f6e125cca5a6) Importer(815301076,1909f56bfc062723c751e8b465ee728b)
Start importing Assets/Game Buffs/Free Realistic Textures/Textures/Shingle_Roof_12/Shingle_Roof_12_Albedo.png using Guid(870958e8b350742449f3f6e125cca5a6) Importer(815301076,1909f56bfc062723c751e8b465ee728b)  -> (artifact id: '6254aab2025d546adc5d8431ef17a2fb') in 0.014746 seconds
Number of updated asset objects reloaded before import = 0
Number of asset objects unloaded after import = 2
========================================================================
Received Import Request.
  Time since last request: 0.000015 seconds.
  path: Assets/Game Buffs/Free Realistic Textures/Textures/Shingle_Roof_12/Shingle_Roof_12_Roughness.png
  artifactKey: Guid(06a0315081f383f49925770c0b7a0344) Importer(815301076,1909f56bfc062723c751e8b465ee728b)
Start importing Assets/Game Buffs/Free Realistic Textures/Textures/Shingle_Roof_12/Shingle_Roof_12_Roughness.png using Guid(06a0315081f383f49925770c0b7a0344) Importer(815301076,1909f56bfc062723c751e8b465ee728b)  -> (artifact id: 'ef5dc502434e46b6ce5d84bda0bcf098') in 0.016132 seconds
Number of updated asset objects reloaded before import = 0
Number of asset objects unloaded after import = 2
========================================================================
Received Import Request.
  Time since last request: 0.000015 seconds.
  path: Assets/Game Buffs/Free Realistic Textures/Textures/Shingle_Roof_12/Shingle_Roof_12_AO.png
  artifactKey: Guid(fc35954f5aee46f468be199d0733b45c) Importer(815301076,1909f56bfc062723c751e8b465ee728b)
Start importing Assets/Game Buffs/Free Realistic Textures/Textures/Shingle_Roof_12/Shingle_Roof_12_AO.png using Guid(fc35954f5aee46f468be199d0733b45c) Importer(815301076,1909f56bfc062723c751e8b465ee728b)  -> (artifact id: '17673b19c610e42da359661f6f8a8855') in 0.014472 seconds
Number of updated asset objects reloaded before import = 0
Number of asset objects unloaded after import = 2
========================================================================
Received Import Request.
  Time since last request: 0.000012 seconds.
  path: Assets/Game Buffs/Free Realistic Textures/Textures/Shingle_Roof_12/Shingle_Roof_12_Mask.png
  artifactKey: Guid(73a9cd67b5f4ed945a693ff3320c313f) Importer(815301076,1909f56bfc062723c751e8b465ee728b)
Start importing Assets/Game Buffs/Free Realistic Textures/Textures/Shingle_Roof_12/Shingle_Roof_12_Mask.png using Guid(73a9cd67b5f4ed945a693ff3320c313f) Importer(815301076,1909f56bfc062723c751e8b465ee728b)  -> (artifact id: '63e4557675075b9180ec6a4dd6b45722') in 0.019355 seconds
Number of updated asset objects reloaded before import = 0
Number of asset objects unloaded after import = 2
========================================================================
Received Import Request.
  Time since last request: 0.000014 seconds.
  path: Assets/Game Buffs/Free Realistic Textures/Textures/Shingle_Roof_12/Shingle_Roof_12_Normal.png
  artifactKey: Guid(72872415953def64680fa0087a8aa249) Importer(815301076,1909f56bfc062723c751e8b465ee728b)
Start importing Assets/Game Buffs/Free Realistic Textures/Textures/Shingle_Roof_12/Shingle_Roof_12_Normal.png using Guid(72872415953def64680fa0087a8aa249) Importer(815301076,1909f56bfc062723c751e8b465ee728b)  -> (artifact id: 'fd6949ef6e198e1cb9e2fed5c99d8db9') in 0.026084 seconds
Number of updated asset objects reloaded before import = 0
Number of asset objects unloaded after import = 2
========================================================================
Received Import Request.
  Time since last request: 2.854148 seconds.
  path: Assets/Game Buffs/Free Realistic Textures/Textures/Asphalt_26/Asphalt_26_Albedo.png
  artifactKey: Guid(948af1743a567034dbc020580fbc224a) Importer(815301076,1909f56bfc062723c751e8b465ee728b)
Start importing Assets/Game Buffs/Free Realistic Textures/Textures/Asphalt_26/Asphalt_26_Albedo.png using Guid(948af1743a567034dbc020580fbc224a) Importer(815301076,1909f56bfc062723c751e8b465ee728b)  -> (artifact id: '0057fc83bcc1e9add28c11e1cab54d3f') in 0.018998 seconds
Number of updated asset objects reloaded before import = 0
Number of asset objects unloaded after import = 2
========================================================================
Received Import Request.
  Time since last request: 0.000028 seconds.
  path: Assets/Game Buffs/Free Realistic Textures/Textures/Asphalt_26/Asphalt_26_Roughness.png
  artifactKey: Guid(8f7eb1dac5f25ff45bad20b738a9ee56) Importer(815301076,1909f56bfc062723c751e8b465ee728b)
Start importing Assets/Game Buffs/Free Realistic Textures/Textures/Asphalt_26/Asphalt_26_Roughness.png using Guid(8f7eb1dac5f25ff45bad20b738a9ee56) Importer(815301076,1909f56bfc062723c751e8b465ee728b)  -> (artifact id: '900104064526abf0bea026185f857246') in 0.017542 seconds
Number of updated asset objects reloaded before import = 0
Number of asset objects unloaded after import = 2
========================================================================
Received Import Request.
  Time since last request: 0.000021 seconds.
  path: Assets/Game Buffs/Free Realistic Textures/Textures/Asphalt_26/Asphalt_26_Normal.png
  artifactKey: Guid(cd931c194022c0f44a9714a941f2ff88) Importer(815301076,1909f56bfc062723c751e8b465ee728b)
Start importing Assets/Game Buffs/Free Realistic Textures/Textures/Asphalt_26/Asphalt_26_Normal.png using Guid(cd931c194022c0f44a9714a941f2ff88) Importer(815301076,1909f56bfc062723c751e8b465ee728b)  -> (artifact id: 'd5ad4da73260d88b239a09302b41750f') in 0.025654 seconds
Number of updated asset objects reloaded before import = 0
Number of asset objects unloaded after import = 2
========================================================================
Received Import Request.
  Time since last request: 0.000016 seconds.
  path: Assets/Game Buffs/Free Realistic Textures/Textures/Asphalt_26/Asphalt_26_Mask.png
  artifactKey: Guid(c00804a7730ce6847a6bc8206e0f943f) Importer(815301076,1909f56bfc062723c751e8b465ee728b)
Start importing Assets/Game Buffs/Free Realistic Textures/Textures/Asphalt_26/Asphalt_26_Mask.png using Guid(c00804a7730ce6847a6bc8206e0f943f) Importer(815301076,1909f56bfc062723c751e8b465ee728b)  -> (artifact id: '8237bfa872216f646bbfa0e12c87780a') in 0.025962 seconds
Number of updated asset objects reloaded before import = 0
Number of asset objects unloaded after import = 2
========================================================================
Received Import Request.
  Time since last request: 99.403550 seconds.
  path: Assets/Game Buffs/Free Realistic Textures/Textures/Bark_1/Bark_1.terrainlayer
  artifactKey: Guid(00a5cdbd6457b954792b5a76b95ce370) Importer(815301076,1909f56bfc062723c751e8b465ee728b)
Start importing Assets/Game Buffs/Free Realistic Textures/Textures/Bark_1/Bark_1.terrainlayer using Guid(00a5cdbd6457b954792b5a76b95ce370) Importer(815301076,1909f56bfc062723c751e8b465ee728b)  -> (artifact id: '86ef7a73a31a5c4d89984ebc58c7a055') in 0.033092 seconds
Number of updated asset objects reloaded before import = 0
Number of asset objects unloaded after import = 4
========================================================================
Received Import Request.
  Time since last request: 0.000021 seconds.
  path: Assets/Game Buffs/Free Realistic Textures/Textures/Bark_1/Bark_1_Normal.png
  artifactKey: Guid(459d0c4af4a93b9429c4b190b472c6af) Importer(815301076,1909f56bfc062723c751e8b465ee728b)
Start importing Assets/Game Buffs/Free Realistic Textures/Textures/Bark_1/Bark_1_Normal.png using Guid(459d0c4af4a93b9429c4b190b472c6af) Importer(815301076,1909f56bfc062723c751e8b465ee728b)  -> (artifact id: 'dc936c39eb773d4420f3c8474ddcdc36') in 0.028336 seconds
Number of updated asset objects reloaded before import = 0
Number of asset objects unloaded after import = 2
========================================================================
Received Import Request.
  Time since last request: 0.000027 seconds.
  path: Assets/Game Buffs/Free Realistic Textures/Textures/Bark_1/Bark_1_Albedo.png
  artifactKey: Guid(80114acef2d92534983d04645350f0a3) Importer(815301076,1909f56bfc062723c751e8b465ee728b)
Start importing Assets/Game Buffs/Free Realistic Textures/Textures/Bark_1/Bark_1_Albedo.png using Guid(80114acef2d92534983d04645350f0a3) Importer(815301076,1909f56bfc062723c751e8b465ee728b)  -> (artifact id: '060dc47a4a5ea6c142a53611730094b9') in 0.013812 seconds
Number of updated asset objects reloaded before import = 0
Number of asset objects unloaded after import = 2
========================================================================
Received Import Request.
  Time since last request: 0.000012 seconds.
  path: Assets/Game Buffs/Free Realistic Textures/Textures/Bark_1/Bark_1_Height.png
  artifactKey: Guid(b7023e5b9d052e14ca3c0e5846812feb) Importer(815301076,1909f56bfc062723c751e8b465ee728b)
Start importing Assets/Game Buffs/Free Realistic Textures/Textures/Bark_1/Bark_1_Height.png using Guid(b7023e5b9d052e14ca3c0e5846812feb) Importer(815301076,1909f56bfc062723c751e8b465ee728b)  -> (artifact id: '9b13b992aa5a5785eca36c245b609c58') in 0.016146 seconds
Number of updated asset objects reloaded before import = 0
Number of asset objects unloaded after import = 2
========================================================================
Received Import Request.
  Time since last request: 0.000016 seconds.
  path: Assets/Game Buffs/Free Realistic Textures/Textures/Bark_1/Bark_1_Mask.png
  artifactKey: Guid(2e0cc2a4a75b78a449f29d90dac83048) Importer(815301076,1909f56bfc062723c751e8b465ee728b)
Start importing Assets/Game Buffs/Free Realistic Textures/Textures/Bark_1/Bark_1_Mask.png using Guid(2e0cc2a4a75b78a449f29d90dac83048) Importer(815301076,1909f56bfc062723c751e8b465ee728b)  -> (artifact id: '852fd5ead68f75581cdbc632419f4994') in 0.021288 seconds
Number of updated asset objects reloaded before import = 0
Number of asset objects unloaded after import = 2
========================================================================
Received Import Request.
  Time since last request: 1.564885 seconds.
  path: Assets/Game Buffs/Free Realistic Textures/Textures/Beach_Rocks_9/Beach_Rocks_9.terrainlayer
  artifactKey: Guid(320b828341c75434c955882817212f87) Importer(815301076,1909f56bfc062723c751e8b465ee728b)
Start importing Assets/Game Buffs/Free Realistic Textures/Textures/Beach_Rocks_9/Beach_Rocks_9.terrainlayer using Guid(320b828341c75434c955882817212f87) Importer(815301076,1909f56bfc062723c751e8b465ee728b)  -> (artifact id: '2d1745502845fa62496aad993b48cc4f') in 0.040639 seconds
Number of updated asset objects reloaded before import = 0
Number of asset objects unloaded after import = 5
========================================================================
Received Import Request.
  Time since last request: 0.000020 seconds.
  path: Assets/Game Buffs/Free Realistic Textures/Textures/Beach_Rocks_9/Beach_Rocks_9_AO.png
  artifactKey: Guid(f530c433916417344a8f462257b5ab48) Importer(815301076,1909f56bfc062723c751e8b465ee728b)
Start importing Assets/Game Buffs/Free Realistic Textures/Textures/Beach_Rocks_9/Beach_Rocks_9_AO.png using Guid(f530c433916417344a8f462257b5ab48) Importer(815301076,1909f56bfc062723c751e8b465ee728b)  -> (artifact id: '94a4161a8d97daea85dada7cdf62fe44') in 0.014982 seconds
Number of updated asset objects reloaded before import = 0
Number of asset objects unloaded after import = 2
========================================================================
Received Import Request.
  Time since last request: 0.000015 seconds.
  path: Assets/Game Buffs/Free Realistic Textures/Textures/Beach_Rocks_9/Beach_Rocks_9_Albedo.png
  artifactKey: Guid(5b669849920296e44a0537eab653564d) Importer(815301076,1909f56bfc062723c751e8b465ee728b)
Start importing Assets/Game Buffs/Free Realistic Textures/Textures/Beach_Rocks_9/Beach_Rocks_9_Albedo.png using Guid(5b669849920296e44a0537eab653564d) Importer(815301076,1909f56bfc062723c751e8b465ee728b)  -> (artifact id: 'ac7e36bd948a38aa70b2194999d781e0') in 0.015512 seconds
Number of updated asset objects reloaded before import = 0
Number of asset objects unloaded after import = 2
========================================================================
Received Import Request.
  Time since last request: 0.000017 seconds.
  path: Assets/Game Buffs/Free Realistic Textures/Textures/Beach_Rocks_9/Beach_Rocks_9_Mask.png
  artifactKey: Guid(12ba510705fbe874e9ceb8c901090672) Importer(815301076,1909f56bfc062723c751e8b465ee728b)
Start importing Assets/Game Buffs/Free Realistic Textures/Textures/Beach_Rocks_9/Beach_Rocks_9_Mask.png using Guid(12ba510705fbe874e9ceb8c901090672) Importer(815301076,1909f56bfc062723c751e8b465ee728b)  -> (artifact id: '7b64c0451e13959490a21d99d902f5c5') in 0.024098 seconds
Number of updated asset objects reloaded before import = 0
Number of asset objects unloaded after import = 2
========================================================================
Received Prepare
Begin MonoManager ReloadAssembly
Symbol file LoadedFromMemory doesn't match image C:\Users\bosst\Documents\GitHub\Maze\Library\PackageCache\com.unity.visualscripting@1.8.0\Editor\VisualScripting.Core\Dependencies\YamlDotNet\Unity.VisualScripting.YamlDotNet.dll
Symbol file LoadedFromMemory doesn't match image C:\Users\bosst\Documents\GitHub\Maze\Library\PackageCache\com.unity.visualscripting@1.8.0\Editor\VisualScripting.Core\Dependencies\DotNetZip\Unity.VisualScripting.IonicZip.dll
- Loaded All Assemblies, in  0.594 seconds
Refreshing native plugins compatible for Editor in 2.80 ms, found 3 plugins.
Native extension for WindowsStandalone target not found
Native extension for WebGL target not found
Mono: successfully reloaded assembly
- Finished resetting the current domain, in  0.713 seconds
Domain Reload Profiling: 1304ms
	BeginReloadAssembly (123ms)
		ExecutionOrderSort (0ms)
		DisableScriptedObjects (4ms)
		BackupInstance (0ms)
		ReleaseScriptingObjects (0ms)
		CreateAndSetChildDomain (32ms)
	RebuildCommonClasses (30ms)
	RebuildNativeTypeToScriptingClass (12ms)
	initialDomainReloadingComplete (26ms)
	LoadAllAssembliesAndSetupDomain (401ms)
		LoadAssemblies (230ms)
		RebuildTransferFunctionScriptingTraits (0ms)
		AnalyzeDomain (221ms)
			TypeCache.Refresh (217ms)
				TypeCache.ScanAssembly (206ms)
			ScanForSourceGeneratedMonoScriptInfo (0ms)
			ResolveRequiredComponents (3ms)
	FinalizeReload (714ms)
		ReleaseScriptCaches (0ms)
		RebuildScriptCaches (0ms)
		SetupLoadedEditorAssemblies (305ms)
			LogAssemblyErrors (0ms)
			InitializePlatformSupportModulesInManaged (8ms)
			SetLoadedEditorAssemblies (4ms)
			RefreshPlugins (0ms)
			BeforeProcessingInitializeOnLoad (62ms)
			ProcessInitializeOnLoadAttributes (204ms)
			ProcessInitializeOnLoadMethodAttributes (18ms)
			AfterProcessingInitializeOnLoad (9ms)
			EditorAssembliesLoaded (0ms)
		ExecutionOrderSort2 (0ms)
		AwakeInstancesAfterBackupRestoration (7ms)
Refreshing native plugins compatible for Editor in 3.56 ms, found 3 plugins.
Preloading 0 native plugins for Editor in 0.00 ms.
Unloading 3080 Unused Serialized files (Serialized files now loaded: 0)
Unloading 22 unused Assets / (30.6 KB). Loaded Objects now: 3611.
Memory consumption went from 121.1 MB to 121.0 MB.
Total: 3.807400 ms (FindLiveObjects: 0.241000 ms CreateObjectMapping: 0.151400 ms MarkObjects: 3.365200 ms  DeleteObjects: 0.049400 ms)

Prepare: number of updated asset objects reloaded= 0
AssetImportParameters requested are different than current active one (requested -> active):
  custom:container-demuxer-ogg: 62fdf1f143b41e24485cea50d1cbac27 -> 
  custom:video-decoder-ogg-theora: a1e56fd34408186e4bbccfd4996cb3dc -> 
  custom:framework-win-MediaFoundation: 216162199b28c13a410421893ffa2e32 -> 
  custom:container-demuxer-webm: 4f35f7cbe854078d1ac9338744f61a02 -> 
  custom:container-muxer-webm: aa71ff27fc2769a1b78a27578f13a17b -> 
  custom:video-decoder-webm-vp8: 9c59270c3fd7afecdb556c50c9e8de78 -> 
  custom:AudioImporter_EditorPlatform: d09bf68614088b80899f8185d706f6e7 -> 
  custom:video-encoder-webm-vp8: eb34c28f22e8b96e1ab97ce403110664 -> 
  custom:audio-decoder-ogg-vorbis: bf7c407c2cedff20999df2af8eb42d56 -> 
  custom:audio-encoder-webm-vorbis: bf7c407c2cedff20999df2af8eb42d56 -> 
========================================================================
Received Prepare
Begin MonoManager ReloadAssembly
Symbol file LoadedFromMemory doesn't match image C:\Users\bosst\Documents\GitHub\Maze\Library\PackageCache\com.unity.visualscripting@1.8.0\Editor\VisualScripting.Core\Dependencies\YamlDotNet\Unity.VisualScripting.YamlDotNet.dll
Symbol file LoadedFromMemory doesn't match image C:\Users\bosst\Documents\GitHub\Maze\Library\PackageCache\com.unity.visualscripting@1.8.0\Editor\VisualScripting.Core\Dependencies\DotNetZip\Unity.VisualScripting.IonicZip.dll
- Loaded All Assemblies, in  0.572 seconds
Refreshing native plugins compatible for Editor in 2.78 ms, found 3 plugins.
Native extension for WindowsStandalone target not found
Native extension for WebGL target not found
Mono: successfully reloaded assembly
- Finished resetting the current domain, in  0.768 seconds
Domain Reload Profiling: 1338ms
	BeginReloadAssembly (122ms)
		ExecutionOrderSort (0ms)
		DisableScriptedObjects (5ms)
		BackupInstance (0ms)
		ReleaseScriptingObjects (0ms)
		CreateAndSetChildDomain (30ms)
	RebuildCommonClasses (30ms)
	RebuildNativeTypeToScriptingClass (14ms)
	initialDomainReloadingComplete (30ms)
	LoadAllAssembliesAndSetupDomain (373ms)
		LoadAssemblies (220ms)
		RebuildTransferFunctionScriptingTraits (0ms)
		AnalyzeDomain (205ms)
			TypeCache.Refresh (202ms)
				TypeCache.ScanAssembly (193ms)
			ScanForSourceGeneratedMonoScriptInfo (0ms)
			ResolveRequiredComponents (3ms)
	FinalizeReload (769ms)
		ReleaseScriptCaches (0ms)
		RebuildScriptCaches (0ms)
		SetupLoadedEditorAssemblies (330ms)
			LogAssemblyErrors (0ms)
			InitializePlatformSupportModulesInManaged (9ms)
			SetLoadedEditorAssemblies (4ms)
			RefreshPlugins (0ms)
			BeforeProcessingInitializeOnLoad (67ms)
			ProcessInitializeOnLoadAttributes (221ms)
			ProcessInitializeOnLoadMethodAttributes (19ms)
			AfterProcessingInitializeOnLoad (10ms)
			EditorAssembliesLoaded (0ms)
		ExecutionOrderSort2 (0ms)
		AwakeInstancesAfterBackupRestoration (8ms)
Refreshing native plugins compatible for Editor in 3.66 ms, found 3 plugins.
Preloading 0 native plugins for Editor in 0.00 ms.
Unloading 3081 Unused Serialized files (Serialized files now loaded: 0)
Unloading 22 unused Assets / (30.6 KB). Loaded Objects now: 3614.
Memory consumption went from 121.3 MB to 121.3 MB.
Total: 2.786200 ms (FindLiveObjects: 0.316100 ms CreateObjectMapping: 0.138000 ms MarkObjects: 2.291000 ms  DeleteObjects: 0.040600 ms)

Prepare: number of updated asset objects reloaded= 0
AssetImportParameters requested are different than current active one (requested -> active):
  custom:container-demuxer-ogg: 62fdf1f143b41e24485cea50d1cbac27 -> 
  custom:video-decoder-ogg-theora: a1e56fd34408186e4bbccfd4996cb3dc -> 
  custom:framework-win-MediaFoundation: 216162199b28c13a410421893ffa2e32 -> 
  custom:container-demuxer-webm: 4f35f7cbe854078d1ac9338744f61a02 -> 
  custom:container-muxer-webm: aa71ff27fc2769a1b78a27578f13a17b -> 
  custom:video-decoder-webm-vp8: 9c59270c3fd7afecdb556c50c9e8de78 -> 
  custom:AudioImporter_EditorPlatform: d09bf68614088b80899f8185d706f6e7 -> 
  custom:video-encoder-webm-vp8: eb34c28f22e8b96e1ab97ce403110664 -> 
  custom:audio-decoder-ogg-vorbis: bf7c407c2cedff20999df2af8eb42d56 -> 
  custom:audio-encoder-webm-vorbis: bf7c407c2cedff20999df2af8eb42d56 -> 
========================================================================
Received Import Request.
  Time since last request: 104.789614 seconds.
  path: Assets/Game Buffs/Free Realistic Textures/Textures/Beach_Sand_1/Beach_Sand_1.terrainlayer
  artifactKey: Guid(d123883a856ea344c970cfc5282f9142) Importer(815301076,1909f56bfc062723c751e8b465ee728b)
Start importing Assets/Game Buffs/Free Realistic Textures/Textures/Beach_Sand_1/Beach_Sand_1.terrainlayer using Guid(d123883a856ea344c970cfc5282f9142) Importer(815301076,1909f56bfc062723c751e8b465ee728b)  -> (artifact id: '509d512136c7cc491838d9e735f88a7d') in 0.065545 seconds
Number of updated asset objects reloaded before import = 0
Number of asset objects unloaded after import = 5
========================================================================
Received Import Request.
  Time since last request: 0.000022 seconds.
  path: Assets/Game Buffs/Free Realistic Textures/Textures/Beach_Sand_1/Beach_Sand_1_Height.png
  artifactKey: Guid(f2ac700d214712f46823f6bee5d30506) Importer(815301076,1909f56bfc062723c751e8b465ee728b)
Start importing Assets/Game Buffs/Free Realistic Textures/Textures/Beach_Sand_1/Beach_Sand_1_Height.png using Guid(f2ac700d214712f46823f6bee5d30506) Importer(815301076,1909f56bfc062723c751e8b465ee728b)  -> (artifact id: '661162d263e78b2780caa5cf8017d6db') in 0.022982 seconds
Number of updated asset objects reloaded before import = 0
Number of asset objects unloaded after import = 2
========================================================================
Received Import Request.
  Time since last request: 0.000019 seconds.
  path: Assets/Game Buffs/Free Realistic Textures/Textures/Beach_Sand_1/Beach_Sand_1_Roughness.png
  artifactKey: Guid(d643b03d13032d9409549044ae264bed) Importer(815301076,1909f56bfc062723c751e8b465ee728b)
Start importing Assets/Game Buffs/Free Realistic Textures/Textures/Beach_Sand_1/Beach_Sand_1_Roughness.png using Guid(d643b03d13032d9409549044ae264bed) Importer(815301076,1909f56bfc062723c751e8b465ee728b)  -> (artifact id: 'a89bc75a6353329e5265fea424968c56') in 0.016689 seconds
Number of updated asset objects reloaded before import = 0
Number of asset objects unloaded after import = 2
========================================================================
Received Import Request.
  Time since last request: 0.000016 seconds.
  path: Assets/Game Buffs/Free Realistic Textures/Textures/Beach_Sand_1/Beach_Sand_1_Mask.png
  artifactKey: Guid(f5b8b16361f9e174da9cbdf6a93fb975) Importer(815301076,1909f56bfc062723c751e8b465ee728b)
Start importing Assets/Game Buffs/Free Realistic Textures/Textures/Beach_Sand_1/Beach_Sand_1_Mask.png using Guid(f5b8b16361f9e174da9cbdf6a93fb975) Importer(815301076,1909f56bfc062723c751e8b465ee728b)  -> (artifact id: '08713839cc9feb09d449d782a845b30a') in 0.024055 seconds
Number of updated asset objects reloaded before import = 0
Number of asset objects unloaded after import = 2
========================================================================
Received Import Request.
  Time since last request: 15.234117 seconds.
  path: Assets/Game Buffs/Free Realistic Textures/Textures/Concrete_3/Concrete_3_Albedo.png
  artifactKey: Guid(a940cf197aaa3654ab962e165ca7dcde) Importer(815301076,1909f56bfc062723c751e8b465ee728b)
Start importing Assets/Game Buffs/Free Realistic Textures/Textures/Concrete_3/Concrete_3_Albedo.png using Guid(a940cf197aaa3654ab962e165ca7dcde) Importer(815301076,1909f56bfc062723c751e8b465ee728b)  -> (artifact id: 'e8c3726ba669f76535bf66b35bff8357') in 0.018346 seconds
Number of updated asset objects reloaded before import = 0
Number of asset objects unloaded after import = 2
========================================================================
Received Import Request.
  Time since last request: 0.000017 seconds.
  path: Assets/Game Buffs/Free Realistic Textures/Textures/Concrete_3/Concrete_3_Normal.png
  artifactKey: Guid(35e480d9dc9fcf54b8ad8e266b5218e2) Importer(815301076,1909f56bfc062723c751e8b465ee728b)
Start importing Assets/Game Buffs/Free Realistic Textures/Textures/Concrete_3/Concrete_3_Normal.png using Guid(35e480d9dc9fcf54b8ad8e266b5218e2) Importer(815301076,1909f56bfc062723c751e8b465ee728b)  -> (artifact id: 'd8c13010aa41cb98953d9d9d3f58d2bb') in 0.029989 seconds
Number of updated asset objects reloaded before import = 0
Number of asset objects unloaded after import = 2
========================================================================
Received Import Request.
  Time since last request: 0.000044 seconds.
  path: Assets/Game Buffs/Free Realistic Textures/Textures/Concrete_3/Concrete_3_Mask.png
  artifactKey: Guid(e097b40126166764a84c355b4c3165a6) Importer(815301076,1909f56bfc062723c751e8b465ee728b)
Start importing Assets/Game Buffs/Free Realistic Textures/Textures/Concrete_3/Concrete_3_Mask.png using Guid(e097b40126166764a84c355b4c3165a6) Importer(815301076,1909f56bfc062723c751e8b465ee728b)  -> (artifact id: '8e8868ec591ce2c41440165e80cbaaa7') in 0.021104 seconds
Number of updated asset objects reloaded before import = 0
Number of asset objects unloaded after import = 2
========================================================================
Received Import Request.
  Time since last request: 1.872152 seconds.
  path: Assets/Game Buffs/Free Realistic Textures/Textures/Cracked_Soil_16/Cracked_Soil_16_Albedo.png
  artifactKey: Guid(89e33223815871e439e90be0ccff733f) Importer(815301076,1909f56bfc062723c751e8b465ee728b)
Start importing Assets/Game Buffs/Free Realistic Textures/Textures/Cracked_Soil_16/Cracked_Soil_16_Albedo.png using Guid(89e33223815871e439e90be0ccff733f) Importer(815301076,1909f56bfc062723c751e8b465ee728b)  -> (artifact id: '7de799a6255bd7666a28178b72e5c620') in 0.019921 seconds
Number of updated asset objects reloaded before import = 0
Number of asset objects unloaded after import = 2
========================================================================
Received Import Request.
  Time since last request: 0.000023 seconds.
  path: Assets/Game Buffs/Free Realistic Textures/Textures/Cracked_Soil_16/Cracked_Soil_16_Normal.png
  artifactKey: Guid(1441614e2cd154b4fa40bab4aa65f793) Importer(815301076,1909f56bfc062723c751e8b465ee728b)
Start importing Assets/Game Buffs/Free Realistic Textures/Textures/Cracked_Soil_16/Cracked_Soil_16_Normal.png using Guid(1441614e2cd154b4fa40bab4aa65f793) Importer(815301076,1909f56bfc062723c751e8b465ee728b)  -> (artifact id: '5804cde6b93e15da20421fdb789cf57c') in 0.032697 seconds
Number of updated asset objects reloaded before import = 0
Number of asset objects unloaded after import = 2
========================================================================
Received Prepare
Begin MonoManager ReloadAssembly
Symbol file LoadedFromMemory doesn't match image C:\Users\bosst\Documents\GitHub\Maze\Library\PackageCache\com.unity.visualscripting@1.8.0\Editor\VisualScripting.Core\Dependencies\YamlDotNet\Unity.VisualScripting.YamlDotNet.dll
Symbol file LoadedFromMemory doesn't match image C:\Users\bosst\Documents\GitHub\Maze\Library\PackageCache\com.unity.visualscripting@1.8.0\Editor\VisualScripting.Core\Dependencies\DotNetZip\Unity.VisualScripting.IonicZip.dll
- Loaded All Assemblies, in  0.547 seconds
Refreshing native plugins compatible for Editor in 3.30 ms, found 3 plugins.
Native extension for WindowsStandalone target not found
Native extension for WebGL target not found
Mono: successfully reloaded assembly
- Finished resetting the current domain, in  0.772 seconds
Domain Reload Profiling: 1317ms
	BeginReloadAssembly (117ms)
		ExecutionOrderSort (0ms)
		DisableScriptedObjects (4ms)
		BackupInstance (0ms)
		ReleaseScriptingObjects (0ms)
		CreateAndSetChildDomain (28ms)
	RebuildCommonClasses (30ms)
	RebuildNativeTypeToScriptingClass (8ms)
	initialDomainReloadingComplete (26ms)
	LoadAllAssembliesAndSetupDomain (363ms)
		LoadAssemblies (217ms)
		RebuildTransferFunctionScriptingTraits (0ms)
		AnalyzeDomain (197ms)
			TypeCache.Refresh (192ms)
				TypeCache.ScanAssembly (182ms)
			ScanForSourceGeneratedMonoScriptInfo (0ms)
			ResolveRequiredComponents (5ms)
	FinalizeReload (772ms)
		ReleaseScriptCaches (0ms)
		RebuildScriptCaches (0ms)
		SetupLoadedEditorAssemblies (311ms)
			LogAssemblyErrors (0ms)
			InitializePlatformSupportModulesInManaged (8ms)
			SetLoadedEditorAssemblies (4ms)
			RefreshPlugins (0ms)
			BeforeProcessingInitializeOnLoad (65ms)
			ProcessInitializeOnLoadAttributes (205ms)
			ProcessInitializeOnLoadMethodAttributes (20ms)
			AfterProcessingInitializeOnLoad (10ms)
			EditorAssembliesLoaded (0ms)
		ExecutionOrderSort2 (0ms)
		AwakeInstancesAfterBackupRestoration (8ms)
Refreshing native plugins compatible for Editor in 4.02 ms, found 3 plugins.
Preloading 0 native plugins for Editor in 0.00 ms.
Unloading 3080 Unused Serialized files (Serialized files now loaded: 0)
Unloading 22 unused Assets / (30.6 KB). Loaded Objects now: 3617.
Memory consumption went from 121.1 MB to 121.0 MB.
Total: 3.199800 ms (FindLiveObjects: 0.352300 ms CreateObjectMapping: 0.209300 ms MarkObjects: 2.586700 ms  DeleteObjects: 0.050900 ms)

Prepare: number of updated asset objects reloaded= 0
AssetImportParameters requested are different than current active one (requested -> active):
  custom:container-demuxer-ogg: 62fdf1f143b41e24485cea50d1cbac27 -> 
  custom:video-decoder-ogg-theora: a1e56fd34408186e4bbccfd4996cb3dc -> 
  custom:framework-win-MediaFoundation: 216162199b28c13a410421893ffa2e32 -> 
  custom:container-demuxer-webm: 4f35f7cbe854078d1ac9338744f61a02 -> 
  custom:container-muxer-webm: aa71ff27fc2769a1b78a27578f13a17b -> 
  custom:video-decoder-webm-vp8: 9c59270c3fd7afecdb556c50c9e8de78 -> 
  custom:AudioImporter_EditorPlatform: d09bf68614088b80899f8185d706f6e7 -> 
  custom:video-encoder-webm-vp8: eb34c28f22e8b96e1ab97ce403110664 -> 
  custom:audio-decoder-ogg-vorbis: bf7c407c2cedff20999df2af8eb42d56 -> 
  custom:audio-encoder-webm-vorbis: bf7c407c2cedff20999df2af8eb42d56 -> 
========================================================================
Received Import Request.
  Time since last request: 20.831381 seconds.
  path: Assets/Game Buffs/Free Realistic Textures/Textures/Demolished_Tiles_2/Demolished_Tiles_2_Albedo.png
  artifactKey: Guid(7eb7673298c59c04f8817bcaca7ba136) Importer(815301076,1909f56bfc062723c751e8b465ee728b)
Start importing Assets/Game Buffs/Free Realistic Textures/Textures/Demolished_Tiles_2/Demolished_Tiles_2_Albedo.png using Guid(7eb7673298c59c04f8817bcaca7ba136) Importer(815301076,1909f56bfc062723c751e8b465ee728b)  -> (artifact id: '7fbf7e89d7d6e7c64503b03642bdabc1') in 0.042126 seconds
Number of updated asset objects reloaded before import = 0
Number of asset objects unloaded after import = 2
========================================================================
Received Import Request.
  Time since last request: 0.000012 seconds.
  path: Assets/Game Buffs/Free Realistic Textures/Textures/Demolished_Tiles_2/Demolished_Tiles_2_Normal.png
  artifactKey: Guid(c8e93de9824d70546bf58cd4353ce9d5) Importer(815301076,1909f56bfc062723c751e8b465ee728b)
Start importing Assets/Game Buffs/Free Realistic Textures/Textures/Demolished_Tiles_2/Demolished_Tiles_2_Normal.png using Guid(c8e93de9824d70546bf58cd4353ce9d5) Importer(815301076,1909f56bfc062723c751e8b465ee728b)  -> (artifact id: '4ef1bb8c1ef8a1b0ef272f5897461efb') in 0.030160 seconds
Number of updated asset objects reloaded before import = 0
Number of asset objects unloaded after import = 2
========================================================================
Received Prepare
Begin MonoManager ReloadAssembly
Symbol file LoadedFromMemory doesn't match image C:\Users\bosst\Documents\GitHub\Maze\Library\PackageCache\com.unity.visualscripting@1.8.0\Editor\VisualScripting.Core\Dependencies\YamlDotNet\Unity.VisualScripting.YamlDotNet.dll
Symbol file LoadedFromMemory doesn't match image C:\Users\bosst\Documents\GitHub\Maze\Library\PackageCache\com.unity.visualscripting@1.8.0\Editor\VisualScripting.Core\Dependencies\DotNetZip\Unity.VisualScripting.IonicZip.dll
- Loaded All Assemblies, in  0.556 seconds
Refreshing native plugins compatible for Editor in 2.75 ms, found 3 plugins.
Native extension for WindowsStandalone target not found
Native extension for WebGL target not found
Mono: successfully reloaded assembly
- Finished resetting the current domain, in  0.765 seconds
Domain Reload Profiling: 1319ms
	BeginReloadAssembly (125ms)
		ExecutionOrderSort (0ms)
		DisableScriptedObjects (4ms)
		BackupInstance (0ms)
		ReleaseScriptingObjects (0ms)
		CreateAndSetChildDomain (30ms)
	RebuildCommonClasses (33ms)
	RebuildNativeTypeToScriptingClass (8ms)
	initialDomainReloadingComplete (31ms)
	LoadAllAssembliesAndSetupDomain (357ms)
		LoadAssemblies (217ms)
		RebuildTransferFunctionScriptingTraits (0ms)
		AnalyzeDomain (198ms)
			TypeCache.Refresh (195ms)
				TypeCache.ScanAssembly (185ms)
			ScanForSourceGeneratedMonoScriptInfo (0ms)
			ResolveRequiredComponents (3ms)
	FinalizeReload (765ms)
		ReleaseScriptCaches (0ms)
		RebuildScriptCaches (0ms)
		SetupLoadedEditorAssemblies (316ms)
			LogAssemblyErrors (0ms)
			InitializePlatformSupportModulesInManaged (9ms)
			SetLoadedEditorAssemblies (4ms)
			RefreshPlugins (0ms)
			BeforeProcessingInitializeOnLoad (65ms)
			ProcessInitializeOnLoadAttributes (210ms)
			ProcessInitializeOnLoadMethodAttributes (18ms)
			AfterProcessingInitializeOnLoad (10ms)
			EditorAssembliesLoaded (0ms)
		ExecutionOrderSort2 (0ms)
		AwakeInstancesAfterBackupRestoration (8ms)
Refreshing native plugins compatible for Editor in 3.40 ms, found 3 plugins.
Preloading 0 native plugins for Editor in 0.00 ms.
Unloading 3080 Unused Serialized files (Serialized files now loaded: 0)
Unloading 22 unused Assets / (30.6 KB). Loaded Objects now: 3620.
Memory consumption went from 121.1 MB to 121.0 MB.
Total: 2.966400 ms (FindLiveObjects: 0.210600 ms CreateObjectMapping: 0.206600 ms MarkObjects: 2.504000 ms  DeleteObjects: 0.044500 ms)

Prepare: number of updated asset objects reloaded= 0
AssetImportParameters requested are different than current active one (requested -> active):
  custom:container-demuxer-ogg: 62fdf1f143b41e24485cea50d1cbac27 -> 
  custom:video-decoder-ogg-theora: a1e56fd34408186e4bbccfd4996cb3dc -> 
  custom:framework-win-MediaFoundation: 216162199b28c13a410421893ffa2e32 -> 
  custom:container-demuxer-webm: 4f35f7cbe854078d1ac9338744f61a02 -> 
  custom:container-muxer-webm: aa71ff27fc2769a1b78a27578f13a17b -> 
  custom:video-decoder-webm-vp8: 9c59270c3fd7afecdb556c50c9e8de78 -> 
  custom:AudioImporter_EditorPlatform: d09bf68614088b80899f8185d706f6e7 -> 
  custom:video-encoder-webm-vp8: eb34c28f22e8b96e1ab97ce403110664 -> 
  custom:audio-decoder-ogg-vorbis: bf7c407c2cedff20999df2af8eb42d56 -> 
  custom:audio-encoder-webm-vorbis: bf7c407c2cedff20999df2af8eb42d56 -> 
========================================================================
Received Import Request.
  Time since last request: 14.912413 seconds.
  path: Assets/Game Buffs/Free Realistic Textures/Textures/Dirty_Brick_Wall_6/Dirty_Brick_Wall_6_Albedo.png
  artifactKey: Guid(86b549295b8eb014abc2b3316d742929) Importer(815301076,1909f56bfc062723c751e8b465ee728b)
Start importing Assets/Game Buffs/Free Realistic Textures/Textures/Dirty_Brick_Wall_6/Dirty_Brick_Wall_6_Albedo.png using Guid(86b549295b8eb014abc2b3316d742929) Importer(815301076,1909f56bfc062723c751e8b465ee728b)  -> (artifact id: '359954bd04c0043ee2e2518a908fc1db') in 0.040729 seconds
Number of updated asset objects reloaded before import = 0
Number of asset objects unloaded after import = 2
========================================================================
Received Import Request.
  Time since last request: 0.000014 seconds.
  path: Assets/Game Buffs/Free Realistic Textures/Textures/Dirty_Brick_Wall_6/Dirty_Brick_Wall_6_Mask.png
  artifactKey: Guid(3c95344169616254a8910f5ed5600b65) Importer(815301076,1909f56bfc062723c751e8b465ee728b)
Start importing Assets/Game Buffs/Free Realistic Textures/Textures/Dirty_Brick_Wall_6/Dirty_Brick_Wall_6_Mask.png using Guid(3c95344169616254a8910f5ed5600b65) Importer(815301076,1909f56bfc062723c751e8b465ee728b)  -> (artifact id: '8c3ffe5566901a877c2c16e4e31046e9') in 0.030161 seconds
Number of updated asset objects reloaded before import = 0
Number of asset objects unloaded after import = 2
========================================================================
Received Import Request.
  Time since last request: 0.000022 seconds.
  path: Assets/Game Buffs/Free Realistic Textures/Textures/Dirty_Brick_Wall_6/Dirty_Brick_Wall_6_Height.png
  artifactKey: Guid(56db66cbe2189ee47ad1774587e7fc62) Importer(815301076,1909f56bfc062723c751e8b465ee728b)
Start importing Assets/Game Buffs/Free Realistic Textures/Textures/Dirty_Brick_Wall_6/Dirty_Brick_Wall_6_Height.png using Guid(56db66cbe2189ee47ad1774587e7fc62) Importer(815301076,1909f56bfc062723c751e8b465ee728b)  -> (artifact id: '6ed0ce07e7db9dbc49fa39bafb10f369') in 0.022252 seconds
Number of updated asset objects reloaded before import = 0
Number of asset objects unloaded after import = 2
========================================================================
Received Import Request.
  Time since last request: 7.260694 seconds.
  path: Assets/Game Buffs/Free Realistic Textures/Textures/Dry_Ground_10/Dry_Ground_10_Albedo.png
  artifactKey: Guid(7b707a07df668c04e9dc0d5ad4820c8e) Importer(815301076,1909f56bfc062723c751e8b465ee728b)
Start importing Assets/Game Buffs/Free Realistic Textures/Textures/Dry_Ground_10/Dry_Ground_10_Albedo.png using Guid(7b707a07df668c04e9dc0d5ad4820c8e) Importer(815301076,1909f56bfc062723c751e8b465ee728b)  -> (artifact id: 'c59a6ec432c04a5def8375dad1006033') in 0.032048 seconds
Number of updated asset objects reloaded before import = 0
Number of asset objects unloaded after import = 2
========================================================================
Received Import Request.
  Time since last request: 0.000020 seconds.
  path: Assets/Game Buffs/Free Realistic Textures/Textures/Dry_Ground_10/Dry_Ground_10_Normal.png
  artifactKey: Guid(fcb92452db7aa724981d24fa5e742641) Importer(815301076,1909f56bfc062723c751e8b465ee728b)
Start importing Assets/Game Buffs/Free Realistic Textures/Textures/Dry_Ground_10/Dry_Ground_10_Normal.png using Guid(fcb92452db7aa724981d24fa5e742641) Importer(815301076,1909f56bfc062723c751e8b465ee728b)  -> (artifact id: '4a2cbac6da38ce9ac6d79670067108d7') in 0.026077 seconds
Number of updated asset objects reloaded before import = 0
Number of asset objects unloaded after import = 2
========================================================================
Received Prepare
Begin MonoManager ReloadAssembly
Symbol file LoadedFromMemory doesn't match image C:\Users\bosst\Documents\GitHub\Maze\Library\PackageCache\com.unity.visualscripting@1.8.0\Editor\VisualScripting.Core\Dependencies\YamlDotNet\Unity.VisualScripting.YamlDotNet.dll
Symbol file LoadedFromMemory doesn't match image C:\Users\bosst\Documents\GitHub\Maze\Library\PackageCache\com.unity.visualscripting@1.8.0\Editor\VisualScripting.Core\Dependencies\DotNetZip\Unity.VisualScripting.IonicZip.dll
- Loaded All Assemblies, in  0.576 seconds
Refreshing native plugins compatible for Editor in 3.45 ms, found 3 plugins.
Native extension for WindowsStandalone target not found
Native extension for WebGL target not found
Mono: successfully reloaded assembly
- Finished resetting the current domain, in  0.711 seconds
Domain Reload Profiling: 1284ms
	BeginReloadAssembly (119ms)
		ExecutionOrderSort (0ms)
		DisableScriptedObjects (4ms)
		BackupInstance (0ms)
		ReleaseScriptingObjects (0ms)
		CreateAndSetChildDomain (29ms)
	RebuildCommonClasses (25ms)
	RebuildNativeTypeToScriptingClass (9ms)
	initialDomainReloadingComplete (31ms)
	LoadAllAssembliesAndSetupDomain (389ms)
		LoadAssemblies (218ms)
		RebuildTransferFunctionScriptingTraits (0ms)
		AnalyzeDomain (223ms)
			TypeCache.Refresh (219ms)
				TypeCache.ScanAssembly (208ms)
			ScanForSourceGeneratedMonoScriptInfo (0ms)
			ResolveRequiredComponents (4ms)
	FinalizeReload (711ms)
		ReleaseScriptCaches (0ms)
		RebuildScriptCaches (0ms)
		SetupLoadedEditorAssemblies (267ms)
			LogAssemblyErrors (0ms)
			InitializePlatformSupportModulesInManaged (8ms)
			SetLoadedEditorAssemblies (3ms)
			RefreshPlugins (0ms)
			BeforeProcessingInitializeOnLoad (55ms)
			ProcessInitializeOnLoadAttributes (177ms)
			ProcessInitializeOnLoadMethodAttributes (16ms)
			AfterProcessingInitializeOnLoad (8ms)
			EditorAssembliesLoaded (0ms)
		ExecutionOrderSort2 (0ms)
		AwakeInstancesAfterBackupRestoration (7ms)
Refreshing native plugins compatible for Editor in 2.67 ms, found 3 plugins.
Preloading 0 native plugins for Editor in 0.00 ms.
Unloading 3080 Unused Serialized files (Serialized files now loaded: 0)
Unloading 22 unused Assets / (30.6 KB). Loaded Objects now: 3623.
Memory consumption went from 121.1 MB to 121.0 MB.
Total: 2.409900 ms (FindLiveObjects: 0.190800 ms CreateObjectMapping: 0.109300 ms MarkObjects: 2.070600 ms  DeleteObjects: 0.038500 ms)

Prepare: number of updated asset objects reloaded= 0
AssetImportParameters requested are different than current active one (requested -> active):
  custom:container-demuxer-ogg: 62fdf1f143b41e24485cea50d1cbac27 -> 
  custom:video-decoder-ogg-theora: a1e56fd34408186e4bbccfd4996cb3dc -> 
  custom:framework-win-MediaFoundation: 216162199b28c13a410421893ffa2e32 -> 
  custom:container-demuxer-webm: 4f35f7cbe854078d1ac9338744f61a02 -> 
  custom:container-muxer-webm: aa71ff27fc2769a1b78a27578f13a17b -> 
  custom:video-decoder-webm-vp8: 9c59270c3fd7afecdb556c50c9e8de78 -> 
  custom:AudioImporter_EditorPlatform: d09bf68614088b80899f8185d706f6e7 -> 
  custom:video-encoder-webm-vp8: eb34c28f22e8b96e1ab97ce403110664 -> 
  custom:audio-decoder-ogg-vorbis: bf7c407c2cedff20999df2af8eb42d56 -> 
  custom:audio-encoder-webm-vorbis: bf7c407c2cedff20999df2af8eb42d56 -> 
========================================================================
Received Prepare
Begin MonoManager ReloadAssembly
Symbol file LoadedFromMemory doesn't match image C:\Users\bosst\Documents\GitHub\Maze\Library\PackageCache\com.unity.visualscripting@1.8.0\Editor\VisualScripting.Core\Dependencies\YamlDotNet\Unity.VisualScripting.YamlDotNet.dll
Symbol file LoadedFromMemory doesn't match image C:\Users\bosst\Documents\GitHub\Maze\Library\PackageCache\com.unity.visualscripting@1.8.0\Editor\VisualScripting.Core\Dependencies\DotNetZip\Unity.VisualScripting.IonicZip.dll
- Loaded All Assemblies, in  0.546 seconds
Refreshing native plugins compatible for Editor in 3.89 ms, found 3 plugins.
Native extension for WindowsStandalone target not found
Native extension for WebGL target not found
Mono: successfully reloaded assembly
- Finished resetting the current domain, in  0.755 seconds
Domain Reload Profiling: 1299ms
	BeginReloadAssembly (114ms)
		ExecutionOrderSort (0ms)
		DisableScriptedObjects (4ms)
		BackupInstance (0ms)
		ReleaseScriptingObjects (0ms)
		CreateAndSetChildDomain (27ms)
	RebuildCommonClasses (28ms)
	RebuildNativeTypeToScriptingClass (8ms)
	initialDomainReloadingComplete (34ms)
	LoadAllAssembliesAndSetupDomain (358ms)
		LoadAssemblies (211ms)
		RebuildTransferFunctionScriptingTraits (0ms)
		AnalyzeDomain (198ms)
			TypeCache.Refresh (194ms)
				TypeCache.ScanAssembly (182ms)
			ScanForSourceGeneratedMonoScriptInfo (0ms)
			ResolveRequiredComponents (4ms)
	FinalizeReload (756ms)
		ReleaseScriptCaches (0ms)
		RebuildScriptCaches (0ms)
		SetupLoadedEditorAssemblies (309ms)
			LogAssemblyErrors (0ms)
			InitializePlatformSupportModulesInManaged (10ms)
			SetLoadedEditorAssemblies (4ms)
			RefreshPlugins (0ms)
			BeforeProcessingInitializeOnLoad (65ms)
			ProcessInitializeOnLoadAttributes (205ms)
			ProcessInitializeOnLoadMethodAttributes (16ms)
			AfterProcessingInitializeOnLoad (8ms)
			EditorAssembliesLoaded (0ms)
		ExecutionOrderSort2 (0ms)
		AwakeInstancesAfterBackupRestoration (9ms)
Refreshing native plugins compatible for Editor in 3.04 ms, found 3 plugins.
Preloading 0 native plugins for Editor in 0.00 ms.
Unloading 3081 Unused Serialized files (Serialized files now loaded: 0)
Unloading 22 unused Assets / (30.6 KB). Loaded Objects now: 3626.
Memory consumption went from 121.3 MB to 121.3 MB.
Total: 2.486200 ms (FindLiveObjects: 0.199700 ms CreateObjectMapping: 0.116500 ms MarkObjects: 2.130100 ms  DeleteObjects: 0.039500 ms)

Prepare: number of updated asset objects reloaded= 0
AssetImportParameters requested are different than current active one (requested -> active):
  custom:container-demuxer-ogg: 62fdf1f143b41e24485cea50d1cbac27 -> 
  custom:video-decoder-ogg-theora: a1e56fd34408186e4bbccfd4996cb3dc -> 
  custom:framework-win-MediaFoundation: 216162199b28c13a410421893ffa2e32 -> 
  custom:container-demuxer-webm: 4f35f7cbe854078d1ac9338744f61a02 -> 
  custom:container-muxer-webm: aa71ff27fc2769a1b78a27578f13a17b -> 
  custom:video-decoder-webm-vp8: 9c59270c3fd7afecdb556c50c9e8de78 -> 
  custom:AudioImporter_EditorPlatform: d09bf68614088b80899f8185d706f6e7 -> 
  custom:video-encoder-webm-vp8: eb34c28f22e8b96e1ab97ce403110664 -> 
  custom:audio-decoder-ogg-vorbis: bf7c407c2cedff20999df2af8eb42d56 -> 
  custom:audio-encoder-webm-vorbis: bf7c407c2cedff20999df2af8eb42d56 -> 
========================================================================
Received Import Request.
  Time since last request: 19.390091 seconds.
  path: Assets/Game Buffs/Free Realistic Textures/Textures/Flaked_Paint_Wall_7/Flaked_Paint_Wall_7_Albedo.png
  artifactKey: Guid(96fc3c84ce7d30e40940fa824aba13a8) Importer(815301076,1909f56bfc062723c751e8b465ee728b)
Start importing Assets/Game Buffs/Free Realistic Textures/Textures/Flaked_Paint_Wall_7/Flaked_Paint_Wall_7_Albedo.png using Guid(96fc3c84ce7d30e40940fa824aba13a8) Importer(815301076,1909f56bfc062723c751e8b465ee728b)  -> (artifact id: '9cc08531177d936d5e1db0ff63ecdff1') in 0.059005 seconds
Number of updated asset objects reloaded before import = 0
Number of asset objects unloaded after import = 2
========================================================================
Received Import Request.
  Time since last request: 0.000015 seconds.
  path: Assets/Game Buffs/Free Realistic Textures/Textures/Flaked_Paint_Wall_7/Flaked_Paint_Wall_7_Height.png
  artifactKey: Guid(f9cadbebb83a5f44f964335d517f2949) Importer(815301076,1909f56bfc062723c751e8b465ee728b)
Start importing Assets/Game Buffs/Free Realistic Textures/Textures/Flaked_Paint_Wall_7/Flaked_Paint_Wall_7_Height.png using Guid(f9cadbebb83a5f44f964335d517f2949) Importer(815301076,1909f56bfc062723c751e8b465ee728b)  -> (artifact id: 'ccf79dc62cade894b1080afd098d0aa7') in 0.021532 seconds
Number of updated asset objects reloaded before import = 0
Number of asset objects unloaded after import = 2
========================================================================
Received Import Request.
  Time since last request: 0.000016 seconds.
  path: Assets/Game Buffs/Free Realistic Textures/Textures/Flaked_Paint_Wall_7/Flaked_Paint_Wall_7_Roughness.png
  artifactKey: Guid(01e43ee3f44930543976209d4996eba7) Importer(815301076,1909f56bfc062723c751e8b465ee728b)
Start importing Assets/Game Buffs/Free Realistic Textures/Textures/Flaked_Paint_Wall_7/Flaked_Paint_Wall_7_Roughness.png using Guid(01e43ee3f44930543976209d4996eba7) Importer(815301076,1909f56bfc062723c751e8b465ee728b)  -> (artifact id: '61dd2db1758f1dc88e7785ceee2efdb4') in 0.013605 seconds
Number of updated asset objects reloaded before import = 0
Number of asset objects unloaded after import = 2
========================================================================
Received Import Request.
  Time since last request: 1.715175 seconds.
  path: Assets/Game Buffs/Free Realistic Textures/Textures/Forest_Ground_12/Forest_Ground_12_Albedo.png
  artifactKey: Guid(b91c8f1e58c68c34d97d2d03287feb34) Importer(815301076,1909f56bfc062723c751e8b465ee728b)
Start importing Assets/Game Buffs/Free Realistic Textures/Textures/Forest_Ground_12/Forest_Ground_12_Albedo.png using Guid(b91c8f1e58c68c34d97d2d03287feb34) Importer(815301076,1909f56bfc062723c751e8b465ee728b)  -> (artifact id: '27124825ecd4e19cc124d38b717457ce') in 0.057071 seconds
Number of updated asset objects reloaded before import = 0
Number of asset objects unloaded after import = 2
========================================================================
Received Import Request.
  Time since last request: 0.000015 seconds.
  path: Assets/Game Buffs/Free Realistic Textures/Textures/Forest_Ground_12/Forest_Ground_12_Roughness.png
  artifactKey: Guid(32cbd5eb06dd1234f8e2336afdc35e48) Importer(815301076,1909f56bfc062723c751e8b465ee728b)
Start importing Assets/Game Buffs/Free Realistic Textures/Textures/Forest_Ground_12/Forest_Ground_12_Roughness.png using Guid(32cbd5eb06dd1234f8e2336afdc35e48) Importer(815301076,1909f56bfc062723c751e8b465ee728b)  -> (artifact id: '5f085e7e8a17d78bd62bd35e53706134') in 0.022115 seconds
Number of updated asset objects reloaded before import = 0
Number of asset objects unloaded after import = 2
========================================================================
Received Import Request.
  Time since last request: 0.000012 seconds.
  path: Assets/Game Buffs/Free Realistic Textures/Textures/Forest_Ground_12/Forest_Ground_12_Mask.png
  artifactKey: Guid(35ae58bb22069544593078c131d6358a) Importer(815301076,1909f56bfc062723c751e8b465ee728b)
Start importing Assets/Game Buffs/Free Realistic Textures/Textures/Forest_Ground_12/Forest_Ground_12_Mask.png using Guid(35ae58bb22069544593078c131d6358a) Importer(815301076,1909f56bfc062723c751e8b465ee728b)  -> (artifact id: 'cebc340b327cda1c657aec130810e344') in 0.040454 seconds
Number of updated asset objects reloaded before import = 0
Number of asset objects unloaded after import = 2
========================================================================
Received Import Request.
  Time since last request: 2.018415 seconds.
  path: Assets/Game Buffs/Free Realistic Textures/Textures/Gravel_11/Gravel_11_Albedo.png
  artifactKey: Guid(a13dae5a67556a5419885a92a714112a) Importer(815301076,1909f56bfc062723c751e8b465ee728b)
Start importing Assets/Game Buffs/Free Realistic Textures/Textures/Gravel_11/Gravel_11_Albedo.png using Guid(a13dae5a67556a5419885a92a714112a) Importer(815301076,1909f56bfc062723c751e8b465ee728b)  -> (artifact id: 'd162806a2295ee9d964bf5c22b34f89b') in 0.047722 seconds
Number of updated asset objects reloaded before import = 0
Number of asset objects unloaded after import = 2
========================================================================
Received Import Request.
  Time since last request: 0.000106 seconds.
  path: Assets/Game Buffs/Free Realistic Textures/Textures/Gravel_11/Gravel_11_Normal.png
  artifactKey: Guid(24452eff6b0cbed42a9a892d4139642d) Importer(815301076,1909f56bfc062723c751e8b465ee728b)
Start importing Assets/Game Buffs/Free Realistic Textures/Textures/Gravel_11/Gravel_11_Normal.png using Guid(24452eff6b0cbed42a9a892d4139642d) Importer(815301076,1909f56bfc062723c751e8b465ee728b)  -> (artifact id: '7df112da2da93453d073502c6ae5f461') in 0.093461 seconds
Number of updated asset objects reloaded before import = 0
Number of asset objects unloaded after import = 2
========================================================================
Received Prepare
Begin MonoManager ReloadAssembly
Symbol file LoadedFromMemory doesn't match image C:\Users\bosst\Documents\GitHub\Maze\Library\PackageCache\com.unity.visualscripting@1.8.0\Editor\VisualScripting.Core\Dependencies\YamlDotNet\Unity.VisualScripting.YamlDotNet.dll
Symbol file LoadedFromMemory doesn't match image C:\Users\bosst\Documents\GitHub\Maze\Library\PackageCache\com.unity.visualscripting@1.8.0\Editor\VisualScripting.Core\Dependencies\DotNetZip\Unity.VisualScripting.IonicZip.dll
- Loaded All Assemblies, in  0.584 seconds
Refreshing native plugins compatible for Editor in 3.07 ms, found 3 plugins.
Native extension for WindowsStandalone target not found
Native extension for WebGL target not found
Mono: successfully reloaded assembly
- Finished resetting the current domain, in  0.741 seconds
Domain Reload Profiling: 1322ms
	BeginReloadAssembly (129ms)
		ExecutionOrderSort (0ms)
		DisableScriptedObjects (5ms)
		BackupInstance (0ms)
		ReleaseScriptingObjects (0ms)
		CreateAndSetChildDomain (29ms)
	RebuildCommonClasses (28ms)
	RebuildNativeTypeToScriptingClass (12ms)
	initialDomainReloadingComplete (26ms)
	LoadAllAssembliesAndSetupDomain (387ms)
		LoadAssemblies (221ms)
		RebuildTransferFunctionScriptingTraits (0ms)
		AnalyzeDomain (228ms)
			TypeCache.Refresh (223ms)
				TypeCache.ScanAssembly (212ms)
			ScanForSourceGeneratedMonoScriptInfo (0ms)
			ResolveRequiredComponents (4ms)
	FinalizeReload (741ms)
		ReleaseScriptCaches (0ms)
		RebuildScriptCaches (0ms)
		SetupLoadedEditorAssemblies (311ms)
			LogAssemblyErrors (0ms)
			InitializePlatformSupportModulesInManaged (8ms)
			SetLoadedEditorAssemblies (4ms)
			RefreshPlugins (0ms)
			BeforeProcessingInitializeOnLoad (60ms)
			ProcessInitializeOnLoadAttributes (210ms)
			ProcessInitializeOnLoadMethodAttributes (19ms)
			AfterProcessingInitializeOnLoad (10ms)
			EditorAssembliesLoaded (0ms)
		ExecutionOrderSort2 (0ms)
		AwakeInstancesAfterBackupRestoration (8ms)
Refreshing native plugins compatible for Editor in 3.68 ms, found 3 plugins.
Preloading 0 native plugins for Editor in 0.00 ms.
Unloading 3080 Unused Serialized files (Serialized files now loaded: 0)
Unloading 22 unused Assets / (30.7 KB). Loaded Objects now: 3629.
Memory consumption went from 121.1 MB to 121.1 MB.
Total: 3.116100 ms (FindLiveObjects: 0.261900 ms CreateObjectMapping: 0.174100 ms MarkObjects: 2.639600 ms  DeleteObjects: 0.040000 ms)

Prepare: number of updated asset objects reloaded= 0
AssetImportParameters requested are different than current active one (requested -> active):
  custom:container-demuxer-ogg: 62fdf1f143b41e24485cea50d1cbac27 -> 
  custom:video-decoder-ogg-theora: a1e56fd34408186e4bbccfd4996cb3dc -> 
  custom:framework-win-MediaFoundation: 216162199b28c13a410421893ffa2e32 -> 
  custom:container-demuxer-webm: 4f35f7cbe854078d1ac9338744f61a02 -> 
  custom:container-muxer-webm: aa71ff27fc2769a1b78a27578f13a17b -> 
  custom:video-decoder-webm-vp8: 9c59270c3fd7afecdb556c50c9e8de78 -> 
  custom:AudioImporter_EditorPlatform: d09bf68614088b80899f8185d706f6e7 -> 
  custom:video-encoder-webm-vp8: eb34c28f22e8b96e1ab97ce403110664 -> 
  custom:audio-decoder-ogg-vorbis: bf7c407c2cedff20999df2af8eb42d56 -> 
  custom:audio-encoder-webm-vorbis: bf7c407c2cedff20999df2af8eb42d56 -> 
========================================================================
Received Import Request.
  Time since last request: 10.926193 seconds.
  path: Assets/Game Buffs/Free Realistic Textures/Textures/Medieval_Stone_Wall_16/Medieval_Stone_Wall_16_Albedo.png
  artifactKey: Guid(4164e05fccc60534babefb4e21ec9332) Importer(815301076,1909f56bfc062723c751e8b465ee728b)
Start importing Assets/Game Buffs/Free Realistic Textures/Textures/Medieval_Stone_Wall_16/Medieval_Stone_Wall_16_Albedo.png using Guid(4164e05fccc60534babefb4e21ec9332) Importer(815301076,1909f56bfc062723c751e8b465ee728b)  -> (artifact id: 'b727113023770e2b9442e838e7c7c94e') in 0.041569 seconds
Number of updated asset objects reloaded before import = 0
Number of asset objects unloaded after import = 2
========================================================================
Received Import Request.
  Time since last request: 0.000015 seconds.
  path: Assets/Game Buffs/Free Realistic Textures/Textures/Medieval_Stone_Wall_16/Medieval_Stone_Wall_16_Roughness.png
  artifactKey: Guid(31c23e910a9f5f646a9e95a1a6de0e37) Importer(815301076,1909f56bfc062723c751e8b465ee728b)
Start importing Assets/Game Buffs/Free Realistic Textures/Textures/Medieval_Stone_Wall_16/Medieval_Stone_Wall_16_Roughness.png using Guid(31c23e910a9f5f646a9e95a1a6de0e37) Importer(815301076,1909f56bfc062723c751e8b465ee728b)  -> (artifact id: 'ed0f5d1c6cc46cdeb80599812f4ccb74') in 0.018668 seconds
Number of updated asset objects reloaded before import = 0
Number of asset objects unloaded after import = 2
========================================================================
Received Import Request.
  Time since last request: 0.000014 seconds.
  path: Assets/Game Buffs/Free Realistic Textures/Textures/Medieval_Stone_Wall_16/Medieval_Stone_Wall_16_Normal.png
  artifactKey: Guid(29f9543c1fe1a7d43927177763d760b9) Importer(815301076,1909f56bfc062723c751e8b465ee728b)
Start importing Assets/Game Buffs/Free Realistic Textures/Textures/Medieval_Stone_Wall_16/Medieval_Stone_Wall_16_Normal.png using Guid(29f9543c1fe1a7d43927177763d760b9) Importer(815301076,1909f56bfc062723c751e8b465ee728b)  -> (artifact id: '11c9ed36b010a8c9c167a223a7067672') in 0.031889 seconds
Number of updated asset objects reloaded before import = 0
Number of asset objects unloaded after import = 2
========================================================================
Received Prepare
Begin MonoManager ReloadAssembly
Symbol file LoadedFromMemory doesn't match image C:\Users\bosst\Documents\GitHub\Maze\Library\PackageCache\com.unity.visualscripting@1.8.0\Editor\VisualScripting.Core\Dependencies\YamlDotNet\Unity.VisualScripting.YamlDotNet.dll
Symbol file LoadedFromMemory doesn't match image C:\Users\bosst\Documents\GitHub\Maze\Library\PackageCache\com.unity.visualscripting@1.8.0\Editor\VisualScripting.Core\Dependencies\DotNetZip\Unity.VisualScripting.IonicZip.dll
- Loaded All Assemblies, in  0.548 seconds
Refreshing native plugins compatible for Editor in 3.38 ms, found 3 plugins.
Native extension for WindowsStandalone target not found
Native extension for WebGL target not found
Mono: successfully reloaded assembly
- Finished resetting the current domain, in  0.758 seconds
Domain Reload Profiling: 1304ms
	BeginReloadAssembly (111ms)
		ExecutionOrderSort (0ms)
		DisableScriptedObjects (4ms)
		BackupInstance (0ms)
		ReleaseScriptingObjects (0ms)
		CreateAndSetChildDomain (27ms)
	RebuildCommonClasses (32ms)
	RebuildNativeTypeToScriptingClass (8ms)
	initialDomainReloadingComplete (27ms)
	LoadAllAssembliesAndSetupDomain (367ms)
		LoadAssemblies (214ms)
		RebuildTransferFunctionScriptingTraits (0ms)
		AnalyzeDomain (200ms)
			TypeCache.Refresh (196ms)
				TypeCache.ScanAssembly (186ms)
			ScanForSourceGeneratedMonoScriptInfo (0ms)
			ResolveRequiredComponents (4ms)
	FinalizeReload (758ms)
		ReleaseScriptCaches (0ms)
		RebuildScriptCaches (0ms)
		SetupLoadedEditorAssemblies (313ms)
			LogAssemblyErrors (0ms)
			InitializePlatformSupportModulesInManaged (9ms)
			SetLoadedEditorAssemblies (4ms)
			RefreshPlugins (0ms)
			BeforeProcessingInitializeOnLoad (63ms)
			ProcessInitializeOnLoadAttributes (209ms)
			ProcessInitializeOnLoadMethodAttributes (18ms)
			AfterProcessingInitializeOnLoad (10ms)
			EditorAssembliesLoaded (0ms)
		ExecutionOrderSort2 (0ms)
		AwakeInstancesAfterBackupRestoration (7ms)
Refreshing native plugins compatible for Editor in 3.47 ms, found 3 plugins.
Preloading 0 native plugins for Editor in 0.00 ms.
Unloading 3080 Unused Serialized files (Serialized files now loaded: 0)
Unloading 22 unused Assets / (30.6 KB). Loaded Objects now: 3632.
Memory consumption went from 121.1 MB to 121.1 MB.
Total: 3.524400 ms (FindLiveObjects: 0.256500 ms CreateObjectMapping: 0.158800 ms MarkObjects: 3.064500 ms  DeleteObjects: 0.044100 ms)

Prepare: number of updated asset objects reloaded= 0
AssetImportParameters requested are different than current active one (requested -> active):
  custom:container-demuxer-ogg: 62fdf1f143b41e24485cea50d1cbac27 -> 
  custom:video-decoder-ogg-theora: a1e56fd34408186e4bbccfd4996cb3dc -> 
  custom:framework-win-MediaFoundation: 216162199b28c13a410421893ffa2e32 -> 
  custom:container-demuxer-webm: 4f35f7cbe854078d1ac9338744f61a02 -> 
  custom:container-muxer-webm: aa71ff27fc2769a1b78a27578f13a17b -> 
  custom:video-decoder-webm-vp8: 9c59270c3fd7afecdb556c50c9e8de78 -> 
  custom:AudioImporter_EditorPlatform: d09bf68614088b80899f8185d706f6e7 -> 
  custom:video-encoder-webm-vp8: eb34c28f22e8b96e1ab97ce403110664 -> 
  custom:audio-decoder-ogg-vorbis: bf7c407c2cedff20999df2af8eb42d56 -> 
  custom:audio-encoder-webm-vorbis: bf7c407c2cedff20999df2af8eb42d56 -> 
========================================================================
Received Import Request.
  Time since last request: 10.065027 seconds.
  path: Assets/Game Buffs/Free Realistic Textures/Textures/Mixed_Snow_1/Mixed_Snow_1_Albedo.png
  artifactKey: Guid(60c990f0a403e694da2f41c7fa131d1c) Importer(815301076,1909f56bfc062723c751e8b465ee728b)
Start importing Assets/Game Buffs/Free Realistic Textures/Textures/Mixed_Snow_1/Mixed_Snow_1_Albedo.png using Guid(60c990f0a403e694da2f41c7fa131d1c) Importer(815301076,1909f56bfc062723c751e8b465ee728b)  -> (artifact id: 'aa1339033031b67a5ece83d3fd578110') in 0.041063 seconds
Number of updated asset objects reloaded before import = 0
Number of asset objects unloaded after import = 2
========================================================================
Received Import Request.
  Time since last request: 0.000016 seconds.
  path: Assets/Game Buffs/Free Realistic Textures/Textures/Mixed_Snow_1/Mixed_Snow_1_Mask.png
  artifactKey: Guid(dbdccd61999621a4abc5a60bc2a399c7) Importer(815301076,1909f56bfc062723c751e8b465ee728b)
Start importing Assets/Game Buffs/Free Realistic Textures/Textures/Mixed_Snow_1/Mixed_Snow_1_Mask.png using Guid(dbdccd61999621a4abc5a60bc2a399c7) Importer(815301076,1909f56bfc062723c751e8b465ee728b)  -> (artifact id: 'fb9deede1ebfcbe88abc71014ee7b0be') in 0.026828 seconds
Number of updated asset objects reloaded before import = 0
Number of asset objects unloaded after import = 2
========================================================================
Received Import Request.
  Time since last request: 0.000016 seconds.
  path: Assets/Game Buffs/Free Realistic Textures/Textures/Mixed_Snow_1/Mixed_Snow_1_Normal.png
  artifactKey: Guid(d175d18e5d0e71d46a187a66db723972) Importer(815301076,1909f56bfc062723c751e8b465ee728b)
Start importing Assets/Game Buffs/Free Realistic Textures/Textures/Mixed_Snow_1/Mixed_Snow_1_Normal.png using Guid(d175d18e5d0e71d46a187a66db723972) Importer(815301076,1909f56bfc062723c751e8b465ee728b)  -> (artifact id: 'fb49df361f5e252908b0df36df06b775') in 0.022613 seconds
Number of updated asset objects reloaded before import = 0
Number of asset objects unloaded after import = 2
========================================================================
Received Import Request.
  Time since last request: 1.359873 seconds.
  path: Assets/Game Buffs/Free Realistic Textures/Textures/Polished_Marble_34/Polished_Marble_34_Albedo.png
  artifactKey: Guid(021773d848bb7564b94b22e59b143abf) Importer(815301076,1909f56bfc062723c751e8b465ee728b)
Start importing Assets/Game Buffs/Free Realistic Textures/Textures/Polished_Marble_34/Polished_Marble_34_Albedo.png using Guid(021773d848bb7564b94b22e59b143abf) Importer(815301076,1909f56bfc062723c751e8b465ee728b)  -> (artifact id: '158932dba3554f3b4738e708d38c1763') in 0.015698 seconds
Number of updated asset objects reloaded before import = 0
Number of asset objects unloaded after import = 2
========================================================================
Received Import Request.
  Time since last request: 0.000016 seconds.
  path: Assets/Game Buffs/Free Realistic Textures/Textures/Polished_Marble_34/Polished_Marble_34_Mask.png
  artifactKey: Guid(af9ecf87edfdd774a8d1119dc59bc390) Importer(815301076,1909f56bfc062723c751e8b465ee728b)
Start importing Assets/Game Buffs/Free Realistic Textures/Textures/Polished_Marble_34/Polished_Marble_34_Mask.png using Guid(af9ecf87edfdd774a8d1119dc59bc390) Importer(815301076,1909f56bfc062723c751e8b465ee728b)  -> (artifact id: 'a3a1b17b4bdf310e8d8bd3f77df070bd') in 0.028712 seconds
Number of updated asset objects reloaded before import = 0
Number of asset objects unloaded after import = 2
========================================================================
Received Import Request.
  Time since last request: 0.000015 seconds.
  path: Assets/Game Buffs/Free Realistic Textures/Textures/Polished_Marble_34/Polished_Marble_34_Roughness.png
  artifactKey: Guid(99af8774abc240742af83727ad88a574) Importer(815301076,1909f56bfc062723c751e8b465ee728b)
Start importing Assets/Game Buffs/Free Realistic Textures/Textures/Polished_Marble_34/Polished_Marble_34_Roughness.png using Guid(99af8774abc240742af83727ad88a574) Importer(815301076,1909f56bfc062723c751e8b465ee728b)  -> (artifact id: '4422fc4601336a7fae2ec275ed6d98d9') in 0.014898 seconds
Number of updated asset objects reloaded before import = 0
Number of asset objects unloaded after import = 2
========================================================================
Received Import Request.
  Time since last request: 3.094652 seconds.
  path: Assets/Game Buffs/Free Realistic Textures/Textures/Rocky_Grass_17/Rocky_Grass_17_Albedo.png
  artifactKey: Guid(783d1137de2d2b04abc7467f598ffea1) Importer(815301076,1909f56bfc062723c751e8b465ee728b)
Start importing Assets/Game Buffs/Free Realistic Textures/Textures/Rocky_Grass_17/Rocky_Grass_17_Albedo.png using Guid(783d1137de2d2b04abc7467f598ffea1) Importer(815301076,1909f56bfc062723c751e8b465ee728b)  -> (artifact id: '8ac8d3917a433122b97579b750256874') in 0.023976 seconds
Number of updated asset objects reloaded before import = 0
Number of asset objects unloaded after import = 2
========================================================================
Received Import Request.
  Time since last request: 0.000014 seconds.
  path: Assets/Game Buffs/Free Realistic Textures/Textures/Rocky_Grass_17/Rocky_Grass_17_Height.png
  artifactKey: Guid(e42b2b2613792974396fb8995aac84b3) Importer(815301076,1909f56bfc062723c751e8b465ee728b)
Start importing Assets/Game Buffs/Free Realistic Textures/Textures/Rocky_Grass_17/Rocky_Grass_17_Height.png using Guid(e42b2b2613792974396fb8995aac84b3) Importer(815301076,1909f56bfc062723c751e8b465ee728b)  -> (artifact id: '5043c3cd3a7923d3865e1f26fbaf2017') in 0.021348 seconds
Number of updated asset objects reloaded before import = 0
Number of asset objects unloaded after import = 2
========================================================================
Received Import Request.
  Time since last request: 0.000017 seconds.
  path: Assets/Game Buffs/Free Realistic Textures/Textures/Rocky_Grass_17/Rocky_Grass_17_Mask.png
  artifactKey: Guid(636d8f883c42c8c4abd839b6f4c1cfad) Importer(815301076,1909f56bfc062723c751e8b465ee728b)
Start importing Assets/Game Buffs/Free Realistic Textures/Textures/Rocky_Grass_17/Rocky_Grass_17_Mask.png using Guid(636d8f883c42c8c4abd839b6f4c1cfad) Importer(815301076,1909f56bfc062723c751e8b465ee728b)  -> (artifact id: '0dc02be904702379e283819f21979f22') in 0.022943 seconds
Number of updated asset objects reloaded before import = 0
Number of asset objects unloaded after import = 2
========================================================================
Received Import Request.
  Time since last request: 8.017868 seconds.
  path: Assets/Game Buffs/Free Realistic Textures/Textures/Rocky_Ground_15/Rocky_Ground_15_Albedo.png
  artifactKey: Guid(fb4301de0aa1e8447a70cedbdab63f08) Importer(815301076,1909f56bfc062723c751e8b465ee728b)
Start importing Assets/Game Buffs/Free Realistic Textures/Textures/Rocky_Ground_15/Rocky_Ground_15_Albedo.png using Guid(fb4301de0aa1e8447a70cedbdab63f08) Importer(815301076,1909f56bfc062723c751e8b465ee728b)  -> (artifact id: '80b85b1592ea03316158ecfa417486e2') in 0.044303 seconds
Number of updated asset objects reloaded before import = 0
Number of asset objects unloaded after import = 2
========================================================================
Received Import Request.
  Time since last request: 0.000025 seconds.
  path: Assets/Game Buffs/Free Realistic Textures/Textures/Rocky_Ground_15/Rocky_Ground_15_Mask.png
  artifactKey: Guid(74e4afd6b8d13e24f812d2633730a457) Importer(815301076,1909f56bfc062723c751e8b465ee728b)
Start importing Assets/Game Buffs/Free Realistic Textures/Textures/Rocky_Ground_15/Rocky_Ground_15_Mask.png using Guid(74e4afd6b8d13e24f812d2633730a457) Importer(815301076,1909f56bfc062723c751e8b465ee728b)  -> (artifact id: 'ea1593a35986bf9fa2dc998fc809d0fe') in 0.025792 seconds
Number of updated asset objects reloaded before import = 0
Number of asset objects unloaded after import = 2
========================================================================
Received Import Request.
  Time since last request: 3.636174 seconds.
  path: Assets/Game Buffs/Free Realistic Textures/Textures/Rocky_Sand_1/Rocky_Sand_1_Albedo.png
  artifactKey: Guid(26289056f0864a846b39392a324e113b) Importer(815301076,1909f56bfc062723c751e8b465ee728b)
Start importing Assets/Game Buffs/Free Realistic Textures/Textures/Rocky_Sand_1/Rocky_Sand_1_Albedo.png using Guid(26289056f0864a846b39392a324e113b) Importer(815301076,1909f56bfc062723c751e8b465ee728b)  -> (artifact id: 'c9e2e4c259f1b54f1c95d6d19f300b79') in 0.022323 seconds
Number of updated asset objects reloaded before import = 0
Number of asset objects unloaded after import = 2
========================================================================
Received Import Request.
  Time since last request: 0.000022 seconds.
  path: Assets/Game Buffs/Free Realistic Textures/Textures/Rocky_Sand_1/Rocky_Sand_1_Roughness.png
  artifactKey: Guid(161d52a3019fdf4429868edde324808b) Importer(815301076,1909f56bfc062723c751e8b465ee728b)
Start importing Assets/Game Buffs/Free Realistic Textures/Textures/Rocky_Sand_1/Rocky_Sand_1_Roughness.png using Guid(161d52a3019fdf4429868edde324808b) Importer(815301076,1909f56bfc062723c751e8b465ee728b)  -> (artifact id: '575c89db6f2f3bae31aee4c5e4239e67') in 0.017491 seconds
Number of updated asset objects reloaded before import = 0
Number of asset objects unloaded after import = 2
========================================================================
Received Import Request.
  Time since last request: 0.000016 seconds.
  path: Assets/Game Buffs/Free Realistic Textures/Textures/Rocky_Sand_1/Rocky_Sand_1_Mask.png
  artifactKey: Guid(c550d7d60dffac848a4770fe460ae1f8) Importer(815301076,1909f56bfc062723c751e8b465ee728b)
Start importing Assets/Game Buffs/Free Realistic Textures/Textures/Rocky_Sand_1/Rocky_Sand_1_Mask.png using Guid(c550d7d60dffac848a4770fe460ae1f8) Importer(815301076,1909f56bfc062723c751e8b465ee728b)  -> (artifact id: 'f2e09eaa9f6861365ddc957d53715008') in 0.032076 seconds
Number of updated asset objects reloaded before import = 0
Number of asset objects unloaded after import = 2
========================================================================
Received Import Request.
  Time since last request: 3.608393 seconds.
  path: Assets/Game Buffs/Free Realistic Textures/Textures/Rough_Rock_1/Rough_Rock_1_Albedo.png
  artifactKey: Guid(94af863e41e2a91478fc9537cb846aa7) Importer(815301076,1909f56bfc062723c751e8b465ee728b)
Start importing Assets/Game Buffs/Free Realistic Textures/Textures/Rough_Rock_1/Rough_Rock_1_Albedo.png using Guid(94af863e41e2a91478fc9537cb846aa7) Importer(815301076,1909f56bfc062723c751e8b465ee728b)  -> (artifact id: '46f01e7d83e8eb2aecac67a9e0fdca6f') in 0.021617 seconds
Number of updated asset objects reloaded before import = 0
Number of asset objects unloaded after import = 2
========================================================================
Received Import Request.
  Time since last request: 0.000026 seconds.
  path: Assets/Game Buffs/Free Realistic Textures/Textures/Rough_Rock_1/Rough_Rock_1_Roughness.png
  artifactKey: Guid(c7189bcf39ab0dc479ba68db563c01e2) Importer(815301076,1909f56bfc062723c751e8b465ee728b)
Start importing Assets/Game Buffs/Free Realistic Textures/Textures/Rough_Rock_1/Rough_Rock_1_Roughness.png using Guid(c7189bcf39ab0dc479ba68db563c01e2) Importer(815301076,1909f56bfc062723c751e8b465ee728b)  -> (artifact id: 'f4f99c0b2cabcd41158dddc8db75eb10') in 0.144288 seconds
Number of updated asset objects reloaded before import = 0
Number of asset objects unloaded after import = 2
========================================================================
Received Import Request.
  Time since last request: 2.310416 seconds.
  path: Assets/Game Buffs/Free Realistic Textures/Textures/Rusty_Metal_11/Rusty_Metal_11_Albedo.png
  artifactKey: Guid(2d4707c512d2a5c40a8cb213eb919f05) Importer(815301076,1909f56bfc062723c751e8b465ee728b)
Start importing Assets/Game Buffs/Free Realistic Textures/Textures/Rusty_Metal_11/Rusty_Metal_11_Albedo.png using Guid(2d4707c512d2a5c40a8cb213eb919f05) Importer(815301076,1909f56bfc062723c751e8b465ee728b)  -> (artifact id: '6b4a024e08d6bd4d4c431af1891c53cc') in 0.018120 seconds
Number of updated asset objects reloaded before import = 0
Number of asset objects unloaded after import = 2
========================================================================
Received Import Request.
  Time since last request: 0.000023 seconds.
  path: Assets/Game Buffs/Free Realistic Textures/Textures/Rusty_Metal_11/Rusty_Metal_11_Roughness.png
  artifactKey: Guid(634bda626b1dd0842bf57e9658860009) Importer(815301076,1909f56bfc062723c751e8b465ee728b)
Start importing Assets/Game Buffs/Free Realistic Textures/Textures/Rusty_Metal_11/Rusty_Metal_11_Roughness.png using Guid(634bda626b1dd0842bf57e9658860009) Importer(815301076,1909f56bfc062723c751e8b465ee728b)  -> (artifact id: '3be58021019d4f2eade6c0d4e1581852') in 0.023155 seconds
Number of updated asset objects reloaded before import = 0
Number of asset objects unloaded after import = 2
========================================================================
Received Import Request.
  Time since last request: 0.000016 seconds.
  path: Assets/Game Buffs/Free Realistic Textures/Textures/Rusty_Metal_11/Rusty_Metal_11_Normal.png
  artifactKey: Guid(8d0f5910733b5794f9bb0f93db7e9df6) Importer(815301076,1909f56bfc062723c751e8b465ee728b)
Start importing Assets/Game Buffs/Free Realistic Textures/Textures/Rusty_Metal_11/Rusty_Metal_11_Normal.png using Guid(8d0f5910733b5794f9bb0f93db7e9df6) Importer(815301076,1909f56bfc062723c751e8b465ee728b)  -> (artifact id: '9a8624538a96b96d555dd7ecc464c034') in 0.024511 seconds
Number of updated asset objects reloaded before import = 0
Number of asset objects unloaded after import = 2
========================================================================
Received Import Request.
  Time since last request: 6.285714 seconds.
  path: Assets/Game Buffs/Free Realistic Textures/Textures/Snowy_Concrete_Pavement_3/Snowy_Concrete_Pavement_3_Albedo.png
  artifactKey: Guid(15cdf2ff4315b0746add7a742da417d4) Importer(815301076,1909f56bfc062723c751e8b465ee728b)
Start importing Assets/Game Buffs/Free Realistic Textures/Textures/Snowy_Concrete_Pavement_3/Snowy_Concrete_Pavement_3_Albedo.png using Guid(15cdf2ff4315b0746add7a742da417d4) Importer(815301076,1909f56bfc062723c751e8b465ee728b)  -> (artifact id: '5fe4ef46d1f861db14f1ecb6f02a2915') in 0.028370 seconds
Number of updated asset objects reloaded before import = 0
Number of asset objects unloaded after import = 2
========================================================================
Received Import Request.
  Time since last request: 0.000016 seconds.
  path: Assets/Game Buffs/Free Realistic Textures/Textures/Snowy_Concrete_Pavement_3/Snowy_Concrete_Pavement_3_Roughness.png
  artifactKey: Guid(353bff87d7f92634b883a98403f7b635) Importer(815301076,1909f56bfc062723c751e8b465ee728b)
Start importing Assets/Game Buffs/Free Realistic Textures/Textures/Snowy_Concrete_Pavement_3/Snowy_Concrete_Pavement_3_Roughness.png using Guid(353bff87d7f92634b883a98403f7b635) Importer(815301076,1909f56bfc062723c751e8b465ee728b)  -> (artifact id: '4956f58c0704a480bdb02078232b1d51') in 0.028890 seconds
Number of updated asset objects reloaded before import = 0
Number of asset objects unloaded after import = 2
========================================================================
Received Import Request.
  Time since last request: 0.000022 seconds.
  path: Assets/Game Buffs/Free Realistic Textures/Textures/Snowy_Concrete_Pavement_3/Snowy_Concrete_Pavement_3_Height.png
  artifactKey: Guid(4ea3a60442a09744aaa2275f70e7be37) Importer(815301076,1909f56bfc062723c751e8b465ee728b)
Start importing Assets/Game Buffs/Free Realistic Textures/Textures/Snowy_Concrete_Pavement_3/Snowy_Concrete_Pavement_3_Height.png using Guid(4ea3a60442a09744aaa2275f70e7be37) Importer(815301076,1909f56bfc062723c751e8b465ee728b)  -> (artifact id: '815ab7594b9b481bb656cee422b16775') in 0.091305 seconds
Number of updated asset objects reloaded before import = 0
Number of asset objects unloaded after import = 2
========================================================================
Received Import Request.
  Time since last request: 2.227229 seconds.
  path: Assets/Game Buffs/Free Realistic Textures/Textures/Snowy_Rock_21/Snowy_Rock_21_Albedo.png
  artifactKey: Guid(7971b29091875c540918f3188c5ee077) Importer(815301076,1909f56bfc062723c751e8b465ee728b)
Start importing Assets/Game Buffs/Free Realistic Textures/Textures/Snowy_Rock_21/Snowy_Rock_21_Albedo.png using Guid(7971b29091875c540918f3188c5ee077) Importer(815301076,1909f56bfc062723c751e8b465ee728b)  -> (artifact id: 'cec48608b3a09f6c9270b4d36825a802') in 0.058114 seconds
Number of updated asset objects reloaded before import = 0
Number of asset objects unloaded after import = 2
========================================================================
Received Import Request.
  Time since last request: 0.000014 seconds.
  path: Assets/Game Buffs/Free Realistic Textures/Textures/Snowy_Rock_21/Snowy_Rock_21_Mask.png
  artifactKey: Guid(92cf80100f5911749975e1a47998ff8d) Importer(815301076,1909f56bfc062723c751e8b465ee728b)
Start importing Assets/Game Buffs/Free Realistic Textures/Textures/Snowy_Rock_21/Snowy_Rock_21_Mask.png using Guid(92cf80100f5911749975e1a47998ff8d) Importer(815301076,1909f56bfc062723c751e8b465ee728b)  -> (artifact id: '7187da8b7f74847fea13505fde2e41f1') in 0.111719 seconds
Number of updated asset objects reloaded before import = 0
Number of asset objects unloaded after import = 2
========================================================================
Received Import Request.
  Time since last request: 1.725979 seconds.
  path: Assets/Game Buffs/Free Realistic Textures/Textures/Wood_Planks_40/Wood_Planks_40_Albedo.png
  artifactKey: Guid(3d6348b5de2dccb429b2dd50dea268b9) Importer(815301076,1909f56bfc062723c751e8b465ee728b)
Start importing Assets/Game Buffs/Free Realistic Textures/Textures/Wood_Planks_40/Wood_Planks_40_Albedo.png using Guid(3d6348b5de2dccb429b2dd50dea268b9) Importer(815301076,1909f56bfc062723c751e8b465ee728b)  -> (artifact id: 'ea5c1b509573f98d77a2c23b98925e9f') in 0.016591 seconds
Number of updated asset objects reloaded before import = 0
Number of asset objects unloaded after import = 2
========================================================================
Received Import Request.
  Time since last request: 0.000018 seconds.
  path: Assets/Game Buffs/Free Realistic Textures/Textures/Wood_Planks_40/Wood_Planks_40_Height.png
  artifactKey: Guid(04eaeced7d7c69f4aba762ff7fa8844d) Importer(815301076,1909f56bfc062723c751e8b465ee728b)
Start importing Assets/Game Buffs/Free Realistic Textures/Textures/Wood_Planks_40/Wood_Planks_40_Height.png using Guid(04eaeced7d7c69f4aba762ff7fa8844d) Importer(815301076,1909f56bfc062723c751e8b465ee728b)  -> (artifact id: 'f3b26f6f0fd4c3a1445146832e780ad8') in 0.020722 seconds
Number of updated asset objects reloaded before import = 0
Number of asset objects unloaded after import = 2
Editor requested this worker to shutdown with reason: Scaling down because of idle timeout
TcpMessagingSession - receive error: operation aborted. errorcode: 995, details:  /   -       .
AssetImportWorker is now disconnected from the server
Process exiting
Exiting without the bug reporter. Application will terminate with return code 0