Using pre-set license
Built from '2022.3/staging' branch; Version is '2022.3.2f1 (d74737c6db50) revision 14108471'; Using compiler version '192829333'; Build Type 'Release'
OS: 'Windows 10  (10.0.19045) 64bit Professional' Language: 'ru' Physical Memory: 32689 MB
BatchMode: 1, IsHumanControllingUs: 0, StartBugReporterOnCrash: 0, Is64bit: 1, IsPro: 1

COMMAND LINE ARGUMENTS:
C:\Program Files\Unity\Hub\Editor\2022.3.2f1\Editor\Unity.exe
-adb2
-batchMode
-noUpm
-name
AssetImportWorker9
-projectPath
C:/Users/bosst/Documents/GitHub/Maze
-logFile
Logs/AssetImportWorker9.log
-srvPort
50498
Successfully changed project path to: C:/Users/bosst/Documents/GitHub/Maze
C:/Users/bosst/Documents/GitHub/Maze
[UnityMemory] Configuration Parameters - Can be set up in boot.config
    "memorysetup-bucket-allocator-granularity=16"
    "memorysetup-bucket-allocator-bucket-count=8"
    "memorysetup-bucket-allocator-block-size=33554432"
    "memorysetup-bucket-allocator-block-count=8"
    "memorysetup-main-allocator-block-size=16777216"
    "memorysetup-thread-allocator-block-size=16777216"
    "memorysetup-gfx-main-allocator-block-size=16777216"
    "memorysetup-gfx-thread-allocator-block-size=16777216"
    "memorysetup-cache-allocator-block-size=4194304"
    "memorysetup-typetree-allocator-block-size=2097152"
    "memorysetup-profiler-bucket-allocator-granularity=16"
    "memorysetup-profiler-bucket-allocator-bucket-count=8"
    "memorysetup-profiler-bucket-allocator-block-size=33554432"
    "memorysetup-profiler-bucket-allocator-block-count=8"
    "memorysetup-profiler-allocator-block-size=16777216"
    "memorysetup-profiler-editor-allocator-block-size=1048576"
    "memorysetup-temp-allocator-size-main=16777216"
    "memorysetup-job-temp-allocator-block-size=2097152"
    "memorysetup-job-temp-allocator-block-size-background=1048576"
    "memorysetup-job-temp-allocator-reduction-small-platforms=262144"
    "memorysetup-allocator-temp-initial-block-size-main=262144"
    "memorysetup-allocator-temp-initial-block-size-worker=262144"
    "memorysetup-temp-allocator-size-background-worker=32768"
    "memorysetup-temp-allocator-size-job-worker=262144"
    "memorysetup-temp-allocator-size-preload-manager=33554432"
    "memorysetup-temp-allocator-size-nav-mesh-worker=65536"
    "memorysetup-temp-allocator-size-audio-worker=65536"
    "memorysetup-temp-allocator-size-cloud-worker=32768"
    "memorysetup-temp-allocator-size-gi-baking-worker=262144"
    "memorysetup-temp-allocator-size-gfx=262144"
Player connection [31512] Host "[IP] 192.168.100.60 [Port] 0 [Flags] 2 [Guid] 3761700005 [EditorId] 3761700005 [Version] 1048832 [Id] WindowsEditor(7,DESKTOP-5K0KTD2) [Debug] 1 [PackageName] WindowsEditor [ProjectName] Editor" joined multi-casting on [225.0.0.222:54997]...

Player connection [31512] Host "[IP] 192.168.100.60 [Port] 0 [Flags] 2 [Guid] 3761700005 [EditorId] 3761700005 [Version] 1048832 [Id] WindowsEditor(7,DESKTOP-5K0KTD2) [Debug] 1 [PackageName] WindowsEditor [ProjectName] Editor" joined alternative multi-casting on [225.0.0.222:34997]...

Refreshing native plugins compatible for Editor in 9.05 ms, found 3 plugins.
Preloading 0 native plugins for Editor in 0.00 ms.
Initialize engine version: 2022.3.2f1 (d74737c6db50)
[Subsystems] Discovering subsystems at path C:/Program Files/Unity/Hub/Editor/2022.3.2f1/Editor/Data/Resources/UnitySubsystems
[Subsystems] Discovering subsystems at path C:/Users/bosst/Documents/GitHub/Maze/Assets
GfxDevice: creating device client; threaded=0; jobified=0
Direct3D:
    Version:  Direct3D 11.0 [level 11.1]
    Renderer: NVIDIA GeForce RTX 3080 Ti (ID=0x2208)
    Vendor:   NVIDIA
    VRAM:     12100 MB
    Driver:   31.0.15.3699
Initialize mono
Mono path[0] = 'C:/Program Files/Unity/Hub/Editor/2022.3.2f1/Editor/Data/Managed'
Mono path[1] = 'C:/Program Files/Unity/Hub/Editor/2022.3.2f1/Editor/Data/MonoBleedingEdge/lib/mono/unityjit-win32'
Mono config path = 'C:/Program Files/Unity/Hub/Editor/2022.3.2f1/Editor/Data/MonoBleedingEdge/etc'
Using monoOptions --debugger-agent=transport=dt_socket,embedding=1,server=y,suspend=n,address=127.0.0.1:56284
Begin MonoManager ReloadAssembly
Registering precompiled unity dll's ...
Register platform support module: C:/Program Files/Unity/Hub/Editor/2022.3.2f1/Editor/Data/PlaybackEngines/WebGLSupport/UnityEditor.WebGL.Extensions.dll
Register platform support module: C:/Program Files/Unity/Hub/Editor/2022.3.2f1/Editor/Data/PlaybackEngines/WindowsStandaloneSupport/UnityEditor.WindowsStandalone.Extensions.dll
Registered in 0.010797 seconds.
- Loaded All Assemblies, in  0.305 seconds
Native extension for WindowsStandalone target not found
Native extension for WebGL target not found
Mono: successfully reloaded assembly
- Finished resetting the current domain, in  0.252 seconds
Domain Reload Profiling: 555ms
	BeginReloadAssembly (79ms)
		ExecutionOrderSort (0ms)
		DisableScriptedObjects (0ms)
		BackupInstance (0ms)
		ReleaseScriptingObjects (0ms)
		CreateAndSetChildDomain (1ms)
	RebuildCommonClasses (29ms)
	RebuildNativeTypeToScriptingClass (8ms)
	initialDomainReloadingComplete (59ms)
	LoadAllAssembliesAndSetupDomain (127ms)
		LoadAssemblies (77ms)
		RebuildTransferFunctionScriptingTraits (0ms)
		AnalyzeDomain (121ms)
			TypeCache.Refresh (120ms)
				TypeCache.ScanAssembly (110ms)
			ScanForSourceGeneratedMonoScriptInfo (0ms)
			ResolveRequiredComponents (1ms)
	FinalizeReload (253ms)
		ReleaseScriptCaches (0ms)
		RebuildScriptCaches (0ms)
		SetupLoadedEditorAssemblies (199ms)
			LogAssemblyErrors (0ms)
			InitializePlatformSupportModulesInManaged (11ms)
			SetLoadedEditorAssemblies (5ms)
			RefreshPlugins (0ms)
			BeforeProcessingInitializeOnLoad (2ms)
			ProcessInitializeOnLoadAttributes (135ms)
			ProcessInitializeOnLoadMethodAttributes (46ms)
			AfterProcessingInitializeOnLoad (0ms)
			EditorAssembliesLoaded (0ms)
		ExecutionOrderSort2 (0ms)
		AwakeInstancesAfterBackupRestoration (0ms)
========================================================================
Worker process is ready to serve import requests
Begin MonoManager ReloadAssembly
Symbol file LoadedFromMemory doesn't match image C:\Users\bosst\Documents\GitHub\Maze\Library\PackageCache\com.unity.visualscripting@1.8.0\Editor\VisualScripting.Core\Dependencies\YamlDotNet\Unity.VisualScripting.YamlDotNet.dll
Symbol file LoadedFromMemory doesn't match image C:\Users\bosst\Documents\GitHub\Maze\Library\PackageCache\com.unity.visualscripting@1.8.0\Editor\VisualScripting.Core\Dependencies\DotNetZip\Unity.VisualScripting.IonicZip.dll
- Loaded All Assemblies, in  0.586 seconds
Refreshing native plugins compatible for Editor in 2.86 ms, found 3 plugins.
Native extension for WindowsStandalone target not found
Native extension for WebGL target not found
Mono: successfully reloaded assembly
- Finished resetting the current domain, in  0.417 seconds
Domain Reload Profiling: 1000ms
	BeginReloadAssembly (106ms)
		ExecutionOrderSort (0ms)
		DisableScriptedObjects (5ms)
		BackupInstance (0ms)
		ReleaseScriptingObjects (0ms)
		CreateAndSetChildDomain (17ms)
	RebuildCommonClasses (29ms)
	RebuildNativeTypeToScriptingClass (8ms)
	initialDomainReloadingComplete (37ms)
	LoadAllAssembliesAndSetupDomain (403ms)
		LoadAssemblies (223ms)
		RebuildTransferFunctionScriptingTraits (0ms)
		AnalyzeDomain (229ms)
			TypeCache.Refresh (211ms)
				TypeCache.ScanAssembly (201ms)
			ScanForSourceGeneratedMonoScriptInfo (15ms)
			ResolveRequiredComponents (3ms)
	FinalizeReload (417ms)
		ReleaseScriptCaches (0ms)
		RebuildScriptCaches (0ms)
		SetupLoadedEditorAssemblies (298ms)
			LogAssemblyErrors (0ms)
			InitializePlatformSupportModulesInManaged (7ms)
			SetLoadedEditorAssemblies (3ms)
			RefreshPlugins (0ms)
			BeforeProcessingInitializeOnLoad (57ms)
			ProcessInitializeOnLoadAttributes (209ms)
			ProcessInitializeOnLoadMethodAttributes (14ms)
			AfterProcessingInitializeOnLoad (8ms)
			EditorAssembliesLoaded (0ms)
		ExecutionOrderSort2 (0ms)
		AwakeInstancesAfterBackupRestoration (6ms)
Launched and connected shader compiler UnityShaderCompiler.exe after 0.03 seconds
Refreshing native plugins compatible for Editor in 2.53 ms, found 3 plugins.
Preloading 0 native plugins for Editor in 0.00 ms.
Unloading 3101 Unused Serialized files (Serialized files now loaded: 0)
Unloading 31 unused Assets / (56.3 KB). Loaded Objects now: 3567.
Memory consumption went from 120.5 MB to 120.4 MB.
Total: 2.386700 ms (FindLiveObjects: 0.174300 ms CreateObjectMapping: 0.073800 ms MarkObjects: 2.057100 ms  DeleteObjects: 0.081000 ms)

AssetImportParameters requested are different than current active one (requested -> active):
  custom:container-demuxer-ogg: 62fdf1f143b41e24485cea50d1cbac27 -> 
  custom:video-decoder-ogg-theora: a1e56fd34408186e4bbccfd4996cb3dc -> 
  custom:framework-win-MediaFoundation: 216162199b28c13a410421893ffa2e32 -> 
  custom:container-demuxer-webm: 4f35f7cbe854078d1ac9338744f61a02 -> 
  custom:container-muxer-webm: aa71ff27fc2769a1b78a27578f13a17b -> 
  custom:video-decoder-webm-vp8: 9c59270c3fd7afecdb556c50c9e8de78 -> 
  custom:AudioImporter_EditorPlatform: d09bf68614088b80899f8185d706f6e7 -> 
  custom:video-encoder-webm-vp8: eb34c28f22e8b96e1ab97ce403110664 -> 
  custom:audio-decoder-ogg-vorbis: bf7c407c2cedff20999df2af8eb42d56 -> 
  custom:audio-encoder-webm-vorbis: bf7c407c2cedff20999df2af8eb42d56 -> 
========================================================================
Received Import Request.
  Time since last request: 421413.144985 seconds.
  path: Assets/Game Buffs/Free Realistic Textures/Textures/Concrete_3/Concrete_3_AO.png
  artifactKey: Guid(c9a9d21258042e443802950bc17f99f2) Importer(815301076,1909f56bfc062723c751e8b465ee728b)
Start importing Assets/Game Buffs/Free Realistic Textures/Textures/Concrete_3/Concrete_3_AO.png using Guid(c9a9d21258042e443802950bc17f99f2) Importer(815301076,1909f56bfc062723c751e8b465ee728b)  -> (artifact id: '9e6556ad928eca639d6aab4f19cd81b5') in 0.076645 seconds
Number of updated asset objects reloaded before import = 0
Number of asset objects unloaded after import = 2
========================================================================
Received Import Request.
  Time since last request: 1.869759 seconds.
  path: Assets/Game Buffs/Free Realistic Textures/Textures/Cracked_Soil_16/Cracked_Soil_16_AO.png
  artifactKey: Guid(a7dddb9249a90da4c8d10b80872a1196) Importer(815301076,1909f56bfc062723c751e8b465ee728b)
Start importing Assets/Game Buffs/Free Realistic Textures/Textures/Cracked_Soil_16/Cracked_Soil_16_AO.png using Guid(a7dddb9249a90da4c8d10b80872a1196) Importer(815301076,1909f56bfc062723c751e8b465ee728b)  -> (artifact id: 'aa5db5b28d3f39999b835079f701dd31') in 0.027755 seconds
Number of updated asset objects reloaded before import = 0
Number of asset objects unloaded after import = 2
========================================================================
Received Import Request.
  Time since last request: 0.000016 seconds.
  path: Assets/Game Buffs/Free Realistic Textures/Textures/Cracked_Soil_16/Cracked_Soil_16_Height.png
  artifactKey: Guid(86fd80242db3b8a4980d6fd50ace306f) Importer(815301076,1909f56bfc062723c751e8b465ee728b)
Start importing Assets/Game Buffs/Free Realistic Textures/Textures/Cracked_Soil_16/Cracked_Soil_16_Height.png using Guid(86fd80242db3b8a4980d6fd50ace306f) Importer(815301076,1909f56bfc062723c751e8b465ee728b)  -> (artifact id: '77b12b5468bd955c23ebb22f2a30da09') in 0.024100 seconds
Number of updated asset objects reloaded before import = 0
Number of asset objects unloaded after import = 2
========================================================================
Received Prepare
Begin MonoManager ReloadAssembly
Symbol file LoadedFromMemory doesn't match image C:\Users\bosst\Documents\GitHub\Maze\Library\PackageCache\com.unity.visualscripting@1.8.0\Editor\VisualScripting.Core\Dependencies\YamlDotNet\Unity.VisualScripting.YamlDotNet.dll
Symbol file LoadedFromMemory doesn't match image C:\Users\bosst\Documents\GitHub\Maze\Library\PackageCache\com.unity.visualscripting@1.8.0\Editor\VisualScripting.Core\Dependencies\DotNetZip\Unity.VisualScripting.IonicZip.dll
- Loaded All Assemblies, in  0.552 seconds
Refreshing native plugins compatible for Editor in 3.48 ms, found 3 plugins.
Native extension for WindowsStandalone target not found
Native extension for WebGL target not found
Mono: successfully reloaded assembly
- Finished resetting the current domain, in  0.783 seconds
Domain Reload Profiling: 1333ms
	BeginReloadAssembly (120ms)
		ExecutionOrderSort (0ms)
		DisableScriptedObjects (5ms)
		BackupInstance (0ms)
		ReleaseScriptingObjects (0ms)
		CreateAndSetChildDomain (30ms)
	RebuildCommonClasses (31ms)
	RebuildNativeTypeToScriptingClass (8ms)
	initialDomainReloadingComplete (27ms)
	LoadAllAssembliesAndSetupDomain (363ms)
		LoadAssemblies (219ms)
		RebuildTransferFunctionScriptingTraits (0ms)
		AnalyzeDomain (195ms)
			TypeCache.Refresh (191ms)
				TypeCache.ScanAssembly (182ms)
			ScanForSourceGeneratedMonoScriptInfo (0ms)
			ResolveRequiredComponents (4ms)
	FinalizeReload (784ms)
		ReleaseScriptCaches (0ms)
		RebuildScriptCaches (0ms)
		SetupLoadedEditorAssemblies (318ms)
			LogAssemblyErrors (0ms)
			InitializePlatformSupportModulesInManaged (9ms)
			SetLoadedEditorAssemblies (3ms)
			RefreshPlugins (0ms)
			BeforeProcessingInitializeOnLoad (64ms)
			ProcessInitializeOnLoadAttributes (214ms)
			ProcessInitializeOnLoadMethodAttributes (19ms)
			AfterProcessingInitializeOnLoad (10ms)
			EditorAssembliesLoaded (0ms)
		ExecutionOrderSort2 (0ms)
		AwakeInstancesAfterBackupRestoration (8ms)
Refreshing native plugins compatible for Editor in 3.22 ms, found 3 plugins.
Preloading 0 native plugins for Editor in 0.00 ms.
Unloading 3080 Unused Serialized files (Serialized files now loaded: 0)
Unloading 22 unused Assets / (30.5 KB). Loaded Objects now: 3573.
Memory consumption went from 116.3 MB to 116.3 MB.
Total: 2.961700 ms (FindLiveObjects: 0.228000 ms CreateObjectMapping: 0.134100 ms MarkObjects: 2.510200 ms  DeleteObjects: 0.088500 ms)

Prepare: number of updated asset objects reloaded= 0
AssetImportParameters requested are different than current active one (requested -> active):
  custom:container-demuxer-ogg: 62fdf1f143b41e24485cea50d1cbac27 -> 
  custom:video-decoder-ogg-theora: a1e56fd34408186e4bbccfd4996cb3dc -> 
  custom:framework-win-MediaFoundation: 216162199b28c13a410421893ffa2e32 -> 
  custom:container-demuxer-webm: 4f35f7cbe854078d1ac9338744f61a02 -> 
  custom:container-muxer-webm: aa71ff27fc2769a1b78a27578f13a17b -> 
  custom:video-decoder-webm-vp8: 9c59270c3fd7afecdb556c50c9e8de78 -> 
  custom:AudioImporter_EditorPlatform: d09bf68614088b80899f8185d706f6e7 -> 
  custom:video-encoder-webm-vp8: eb34c28f22e8b96e1ab97ce403110664 -> 
  custom:audio-decoder-ogg-vorbis: bf7c407c2cedff20999df2af8eb42d56 -> 
  custom:audio-encoder-webm-vorbis: bf7c407c2cedff20999df2af8eb42d56 -> 
========================================================================
Received Import Request.
  Time since last request: 20.832210 seconds.
  path: Assets/Game Buffs/Free Realistic Textures/Textures/Demolished_Tiles_2/Demolished_Tiles_2_AO.png
  artifactKey: Guid(984f4a5c4d51e2042af5c43eecb51665) Importer(815301076,1909f56bfc062723c751e8b465ee728b)
Start importing Assets/Game Buffs/Free Realistic Textures/Textures/Demolished_Tiles_2/Demolished_Tiles_2_AO.png using Guid(984f4a5c4d51e2042af5c43eecb51665) Importer(815301076,1909f56bfc062723c751e8b465ee728b)  -> (artifact id: 'ccaa1f53c4aabc65d1103d42c77697f9') in 0.041950 seconds
Number of updated asset objects reloaded before import = 0
Number of asset objects unloaded after import = 2
========================================================================
Received Import Request.
  Time since last request: 0.000013 seconds.
  path: Assets/Game Buffs/Free Realistic Textures/Textures/Demolished_Tiles_2/Demolished_Tiles_2_Height.png
  artifactKey: Guid(d67c9c20cf586ae4b898581566651a38) Importer(815301076,1909f56bfc062723c751e8b465ee728b)
Start importing Assets/Game Buffs/Free Realistic Textures/Textures/Demolished_Tiles_2/Demolished_Tiles_2_Height.png using Guid(d67c9c20cf586ae4b898581566651a38) Importer(815301076,1909f56bfc062723c751e8b465ee728b)  -> (artifact id: '7a64f5262d21afbf316624fe9c509cec') in 0.021392 seconds
Number of updated asset objects reloaded before import = 0
Number of asset objects unloaded after import = 2
========================================================================
Received Import Request.
  Time since last request: 0.000017 seconds.
  path: Assets/Game Buffs/Free Realistic Textures/Textures/Demolished_Tiles_2/Demolished_Tiles_2_Roughness.png
  artifactKey: Guid(8bb4450b204d4b643ba9ce34f772209c) Importer(815301076,1909f56bfc062723c751e8b465ee728b)
Start importing Assets/Game Buffs/Free Realistic Textures/Textures/Demolished_Tiles_2/Demolished_Tiles_2_Roughness.png using Guid(8bb4450b204d4b643ba9ce34f772209c) Importer(815301076,1909f56bfc062723c751e8b465ee728b)  -> (artifact id: '333c21ae9160a2ab94637484518ad408') in 0.017335 seconds
Number of updated asset objects reloaded before import = 0
Number of asset objects unloaded after import = 2
========================================================================
Received Prepare
Begin MonoManager ReloadAssembly
Symbol file LoadedFromMemory doesn't match image C:\Users\bosst\Documents\GitHub\Maze\Library\PackageCache\com.unity.visualscripting@1.8.0\Editor\VisualScripting.Core\Dependencies\YamlDotNet\Unity.VisualScripting.YamlDotNet.dll
Symbol file LoadedFromMemory doesn't match image C:\Users\bosst\Documents\GitHub\Maze\Library\PackageCache\com.unity.visualscripting@1.8.0\Editor\VisualScripting.Core\Dependencies\DotNetZip\Unity.VisualScripting.IonicZip.dll
- Loaded All Assemblies, in  0.557 seconds
Refreshing native plugins compatible for Editor in 4.25 ms, found 3 plugins.
Native extension for WindowsStandalone target not found
Native extension for WebGL target not found
Mono: successfully reloaded assembly
- Finished resetting the current domain, in  0.751 seconds
Domain Reload Profiling: 1306ms
	BeginReloadAssembly (130ms)
		ExecutionOrderSort (0ms)
		DisableScriptedObjects (6ms)
		BackupInstance (0ms)
		ReleaseScriptingObjects (0ms)
		CreateAndSetChildDomain (31ms)
	RebuildCommonClasses (25ms)
	RebuildNativeTypeToScriptingClass (10ms)
	initialDomainReloadingComplete (28ms)
	LoadAllAssembliesAndSetupDomain (361ms)
		LoadAssemblies (224ms)
		RebuildTransferFunctionScriptingTraits (0ms)
		AnalyzeDomain (198ms)
			TypeCache.Refresh (195ms)
				TypeCache.ScanAssembly (186ms)
			ScanForSourceGeneratedMonoScriptInfo (0ms)
			ResolveRequiredComponents (3ms)
	FinalizeReload (751ms)
		ReleaseScriptCaches (0ms)
		RebuildScriptCaches (0ms)
		SetupLoadedEditorAssemblies (319ms)
			LogAssemblyErrors (0ms)
			InitializePlatformSupportModulesInManaged (9ms)
			SetLoadedEditorAssemblies (4ms)
			RefreshPlugins (0ms)
			BeforeProcessingInitializeOnLoad (67ms)
			ProcessInitializeOnLoadAttributes (211ms)
			ProcessInitializeOnLoadMethodAttributes (19ms)
			AfterProcessingInitializeOnLoad (9ms)
			EditorAssembliesLoaded (0ms)
		ExecutionOrderSort2 (0ms)
		AwakeInstancesAfterBackupRestoration (8ms)
Refreshing native plugins compatible for Editor in 3.74 ms, found 3 plugins.
Preloading 0 native plugins for Editor in 0.00 ms.
Unloading 3080 Unused Serialized files (Serialized files now loaded: 0)
Unloading 22 unused Assets / (30.7 KB). Loaded Objects now: 3576.
Memory consumption went from 116.3 MB to 116.3 MB.
Total: 3.093200 ms (FindLiveObjects: 0.204700 ms CreateObjectMapping: 0.126800 ms MarkObjects: 2.721800 ms  DeleteObjects: 0.039200 ms)

Prepare: number of updated asset objects reloaded= 0
AssetImportParameters requested are different than current active one (requested -> active):
  custom:container-demuxer-ogg: 62fdf1f143b41e24485cea50d1cbac27 -> 
  custom:video-decoder-ogg-theora: a1e56fd34408186e4bbccfd4996cb3dc -> 
  custom:framework-win-MediaFoundation: 216162199b28c13a410421893ffa2e32 -> 
  custom:container-demuxer-webm: 4f35f7cbe854078d1ac9338744f61a02 -> 
  custom:container-muxer-webm: aa71ff27fc2769a1b78a27578f13a17b -> 
  custom:video-decoder-webm-vp8: 9c59270c3fd7afecdb556c50c9e8de78 -> 
  custom:AudioImporter_EditorPlatform: d09bf68614088b80899f8185d706f6e7 -> 
  custom:video-encoder-webm-vp8: eb34c28f22e8b96e1ab97ce403110664 -> 
  custom:audio-decoder-ogg-vorbis: bf7c407c2cedff20999df2af8eb42d56 -> 
  custom:audio-encoder-webm-vorbis: bf7c407c2cedff20999df2af8eb42d56 -> 
========================================================================
Received Import Request.
  Time since last request: 14.902556 seconds.
  path: Assets/Game Buffs/Free Realistic Textures/Textures/Dirty_Brick_Wall_6/Dirty_Brick_Wall_6_AO.png
  artifactKey: Guid(0bdb59cf5da179d4a9691f2775a97f09) Importer(815301076,1909f56bfc062723c751e8b465ee728b)
Start importing Assets/Game Buffs/Free Realistic Textures/Textures/Dirty_Brick_Wall_6/Dirty_Brick_Wall_6_AO.png using Guid(0bdb59cf5da179d4a9691f2775a97f09) Importer(815301076,1909f56bfc062723c751e8b465ee728b)  -> (artifact id: 'eb3ec90b0a9c1862f745d244925f5db2') in 0.058671 seconds
Number of updated asset objects reloaded before import = 0
Number of asset objects unloaded after import = 2
========================================================================
Received Import Request.
  Time since last request: 0.000017 seconds.
  path: Assets/Game Buffs/Free Realistic Textures/Textures/Dirty_Brick_Wall_6/Dirty_Brick_Wall_6_Normal.png
  artifactKey: Guid(88057c72444894442a9ccaef507037d1) Importer(815301076,1909f56bfc062723c751e8b465ee728b)
Start importing Assets/Game Buffs/Free Realistic Textures/Textures/Dirty_Brick_Wall_6/Dirty_Brick_Wall_6_Normal.png using Guid(88057c72444894442a9ccaef507037d1) Importer(815301076,1909f56bfc062723c751e8b465ee728b)  -> (artifact id: 'f66a7403c3dd0947dc79e630413d4107') in 0.057450 seconds
Number of updated asset objects reloaded before import = 0
Number of asset objects unloaded after import = 2
========================================================================
Received Import Request.
  Time since last request: 7.237666 seconds.
  path: Assets/Game Buffs/Free Realistic Textures/Textures/Dry_Ground_10/Dry_Ground_10_AO.png
  artifactKey: Guid(d5f95c07fd02c3d4cb9e876ba8b90f9a) Importer(815301076,1909f56bfc062723c751e8b465ee728b)
Start importing Assets/Game Buffs/Free Realistic Textures/Textures/Dry_Ground_10/Dry_Ground_10_AO.png using Guid(d5f95c07fd02c3d4cb9e876ba8b90f9a) Importer(815301076,1909f56bfc062723c751e8b465ee728b)  -> (artifact id: '984cd3ded1b50545b38f26fda869b268') in 0.031843 seconds
Number of updated asset objects reloaded before import = 0
Number of asset objects unloaded after import = 2
========================================================================
Received Import Request.
  Time since last request: 0.000015 seconds.
  path: Assets/Game Buffs/Free Realistic Textures/Textures/Dry_Ground_10/Dry_Ground_10_Roughness.png
  artifactKey: Guid(aa5da74b41516234b9ca8578182ba021) Importer(815301076,1909f56bfc062723c751e8b465ee728b)
Start importing Assets/Game Buffs/Free Realistic Textures/Textures/Dry_Ground_10/Dry_Ground_10_Roughness.png using Guid(aa5da74b41516234b9ca8578182ba021) Importer(815301076,1909f56bfc062723c751e8b465ee728b)  -> (artifact id: 'fecf38999d327d9a3c92167053dae2c6') in 0.018860 seconds
Number of updated asset objects reloaded before import = 0
Number of asset objects unloaded after import = 2
========================================================================
Received Prepare
Begin MonoManager ReloadAssembly
Symbol file LoadedFromMemory doesn't match image C:\Users\bosst\Documents\GitHub\Maze\Library\PackageCache\com.unity.visualscripting@1.8.0\Editor\VisualScripting.Core\Dependencies\YamlDotNet\Unity.VisualScripting.YamlDotNet.dll
Symbol file LoadedFromMemory doesn't match image C:\Users\bosst\Documents\GitHub\Maze\Library\PackageCache\com.unity.visualscripting@1.8.0\Editor\VisualScripting.Core\Dependencies\DotNetZip\Unity.VisualScripting.IonicZip.dll
- Loaded All Assemblies, in  0.549 seconds
Refreshing native plugins compatible for Editor in 3.67 ms, found 3 plugins.
Native extension for WindowsStandalone target not found
Native extension for WebGL target not found
Mono: successfully reloaded assembly
- Finished resetting the current domain, in  0.748 seconds
Domain Reload Profiling: 1294ms
	BeginReloadAssembly (119ms)
		ExecutionOrderSort (0ms)
		DisableScriptedObjects (4ms)
		BackupInstance (0ms)
		ReleaseScriptingObjects (0ms)
		CreateAndSetChildDomain (33ms)
	RebuildCommonClasses (24ms)
	RebuildNativeTypeToScriptingClass (8ms)
	initialDomainReloadingComplete (26ms)
	LoadAllAssembliesAndSetupDomain (368ms)
		LoadAssemblies (217ms)
		RebuildTransferFunctionScriptingTraits (0ms)
		AnalyzeDomain (201ms)
			TypeCache.Refresh (197ms)
				TypeCache.ScanAssembly (186ms)
			ScanForSourceGeneratedMonoScriptInfo (0ms)
			ResolveRequiredComponents (4ms)
	FinalizeReload (748ms)
		ReleaseScriptCaches (0ms)
		RebuildScriptCaches (0ms)
		SetupLoadedEditorAssemblies (289ms)
			LogAssemblyErrors (0ms)
			InitializePlatformSupportModulesInManaged (7ms)
			SetLoadedEditorAssemblies (3ms)
			RefreshPlugins (0ms)
			BeforeProcessingInitializeOnLoad (55ms)
			ProcessInitializeOnLoadAttributes (199ms)
			ProcessInitializeOnLoadMethodAttributes (16ms)
			AfterProcessingInitializeOnLoad (9ms)
			EditorAssembliesLoaded (0ms)
		ExecutionOrderSort2 (0ms)
		AwakeInstancesAfterBackupRestoration (6ms)
Refreshing native plugins compatible for Editor in 3.06 ms, found 3 plugins.
Preloading 0 native plugins for Editor in 0.00 ms.
Unloading 3080 Unused Serialized files (Serialized files now loaded: 0)
Unloading 22 unused Assets / (30.6 KB). Loaded Objects now: 3582.
Memory consumption went from 120.7 MB to 120.7 MB.
Total: 3.178200 ms (FindLiveObjects: 0.351200 ms CreateObjectMapping: 0.168500 ms MarkObjects: 2.614400 ms  DeleteObjects: 0.043100 ms)

Prepare: number of updated asset objects reloaded= 0
AssetImportParameters requested are different than current active one (requested -> active):
  custom:container-demuxer-ogg: 62fdf1f143b41e24485cea50d1cbac27 -> 
  custom:video-decoder-ogg-theora: a1e56fd34408186e4bbccfd4996cb3dc -> 
  custom:framework-win-MediaFoundation: 216162199b28c13a410421893ffa2e32 -> 
  custom:container-demuxer-webm: 4f35f7cbe854078d1ac9338744f61a02 -> 
  custom:container-muxer-webm: aa71ff27fc2769a1b78a27578f13a17b -> 
  custom:video-decoder-webm-vp8: 9c59270c3fd7afecdb556c50c9e8de78 -> 
  custom:AudioImporter_EditorPlatform: d09bf68614088b80899f8185d706f6e7 -> 
  custom:video-encoder-webm-vp8: eb34c28f22e8b96e1ab97ce403110664 -> 
  custom:audio-decoder-ogg-vorbis: bf7c407c2cedff20999df2af8eb42d56 -> 
  custom:audio-encoder-webm-vorbis: bf7c407c2cedff20999df2af8eb42d56 -> 
========================================================================
Received Prepare
Begin MonoManager ReloadAssembly
Symbol file LoadedFromMemory doesn't match image C:\Users\bosst\Documents\GitHub\Maze\Library\PackageCache\com.unity.visualscripting@1.8.0\Editor\VisualScripting.Core\Dependencies\YamlDotNet\Unity.VisualScripting.YamlDotNet.dll
Symbol file LoadedFromMemory doesn't match image C:\Users\bosst\Documents\GitHub\Maze\Library\PackageCache\com.unity.visualscripting@1.8.0\Editor\VisualScripting.Core\Dependencies\DotNetZip\Unity.VisualScripting.IonicZip.dll
- Loaded All Assemblies, in  0.552 seconds
Refreshing native plugins compatible for Editor in 3.81 ms, found 3 plugins.
Native extension for WindowsStandalone target not found
Native extension for WebGL target not found
Mono: successfully reloaded assembly
- Finished resetting the current domain, in  0.758 seconds
Domain Reload Profiling: 1307ms
	BeginReloadAssembly (114ms)
		ExecutionOrderSort (0ms)
		DisableScriptedObjects (4ms)
		BackupInstance (0ms)
		ReleaseScriptingObjects (0ms)
		CreateAndSetChildDomain (27ms)
	RebuildCommonClasses (29ms)
	RebuildNativeTypeToScriptingClass (9ms)
	initialDomainReloadingComplete (30ms)
	LoadAllAssembliesAndSetupDomain (366ms)
		LoadAssemblies (211ms)
		RebuildTransferFunctionScriptingTraits (0ms)
		AnalyzeDomain (203ms)
			TypeCache.Refresh (199ms)
				TypeCache.ScanAssembly (188ms)
			ScanForSourceGeneratedMonoScriptInfo (0ms)
			ResolveRequiredComponents (4ms)
	FinalizeReload (758ms)
		ReleaseScriptCaches (0ms)
		RebuildScriptCaches (0ms)
		SetupLoadedEditorAssemblies (309ms)
			LogAssemblyErrors (0ms)
			InitializePlatformSupportModulesInManaged (9ms)
			SetLoadedEditorAssemblies (4ms)
			RefreshPlugins (0ms)
			BeforeProcessingInitializeOnLoad (65ms)
			ProcessInitializeOnLoadAttributes (206ms)
			ProcessInitializeOnLoadMethodAttributes (16ms)
			AfterProcessingInitializeOnLoad (9ms)
			EditorAssembliesLoaded (0ms)
		ExecutionOrderSort2 (0ms)
		AwakeInstancesAfterBackupRestoration (7ms)
Refreshing native plugins compatible for Editor in 3.05 ms, found 3 plugins.
Preloading 0 native plugins for Editor in 0.00 ms.
Unloading 3081 Unused Serialized files (Serialized files now loaded: 0)
Unloading 22 unused Assets / (30.6 KB). Loaded Objects now: 3585.
Memory consumption went from 121.0 MB to 120.9 MB.
Total: 2.745400 ms (FindLiveObjects: 0.234000 ms CreateObjectMapping: 0.141600 ms MarkObjects: 2.328600 ms  DeleteObjects: 0.040600 ms)

Prepare: number of updated asset objects reloaded= 0
AssetImportParameters requested are different than current active one (requested -> active):
  custom:container-demuxer-ogg: 62fdf1f143b41e24485cea50d1cbac27 -> 
  custom:video-decoder-ogg-theora: a1e56fd34408186e4bbccfd4996cb3dc -> 
  custom:framework-win-MediaFoundation: 216162199b28c13a410421893ffa2e32 -> 
  custom:container-demuxer-webm: 4f35f7cbe854078d1ac9338744f61a02 -> 
  custom:container-muxer-webm: aa71ff27fc2769a1b78a27578f13a17b -> 
  custom:video-decoder-webm-vp8: 9c59270c3fd7afecdb556c50c9e8de78 -> 
  custom:AudioImporter_EditorPlatform: d09bf68614088b80899f8185d706f6e7 -> 
  custom:video-encoder-webm-vp8: eb34c28f22e8b96e1ab97ce403110664 -> 
  custom:audio-decoder-ogg-vorbis: bf7c407c2cedff20999df2af8eb42d56 -> 
  custom:audio-encoder-webm-vorbis: bf7c407c2cedff20999df2af8eb42d56 -> 
========================================================================
Received Import Request.
  Time since last request: 19.398138 seconds.
  path: Assets/Game Buffs/Free Realistic Textures/Textures/Flaked_Paint_Wall_7/Flaked_Paint_Wall_7_AO.png
  artifactKey: Guid(5548d51f8f61adf4f9204fb96721a37b) Importer(815301076,1909f56bfc062723c751e8b465ee728b)
Start importing Assets/Game Buffs/Free Realistic Textures/Textures/Flaked_Paint_Wall_7/Flaked_Paint_Wall_7_AO.png using Guid(5548d51f8f61adf4f9204fb96721a37b) Importer(815301076,1909f56bfc062723c751e8b465ee728b)  -> (artifact id: '861b01b1b4333be5dddd2000ef82d9c9') in 0.048463 seconds
Number of updated asset objects reloaded before import = 0
Number of asset objects unloaded after import = 2
========================================================================
Received Import Request.
  Time since last request: 0.000031 seconds.
  path: Assets/Game Buffs/Free Realistic Textures/Textures/Flaked_Paint_Wall_7/Flaked_Paint_Wall_7_Normal.png
  artifactKey: Guid(ba6c9b124b8b8634f90aca3b858bca5a) Importer(815301076,1909f56bfc062723c751e8b465ee728b)
Start importing Assets/Game Buffs/Free Realistic Textures/Textures/Flaked_Paint_Wall_7/Flaked_Paint_Wall_7_Normal.png using Guid(ba6c9b124b8b8634f90aca3b858bca5a) Importer(815301076,1909f56bfc062723c751e8b465ee728b)  -> (artifact id: '09d94ae3e9b8d6879c039f74b2665aa0') in 0.037469 seconds
Number of updated asset objects reloaded before import = 0
Number of asset objects unloaded after import = 2
========================================================================
Received Import Request.
  Time since last request: 1.721727 seconds.
  path: Assets/Game Buffs/Free Realistic Textures/Textures/Forest_Ground_12/Forest_Ground_12_AO.png
  artifactKey: Guid(f81fbf7f3eb8c8c48b2b6edfced31fa9) Importer(815301076,1909f56bfc062723c751e8b465ee728b)
Start importing Assets/Game Buffs/Free Realistic Textures/Textures/Forest_Ground_12/Forest_Ground_12_AO.png using Guid(f81fbf7f3eb8c8c48b2b6edfced31fa9) Importer(815301076,1909f56bfc062723c751e8b465ee728b)  -> (artifact id: 'be564cfe1b5a9a086d238f0dfc07aed4') in 0.032586 seconds
Number of updated asset objects reloaded before import = 0
Number of asset objects unloaded after import = 2
========================================================================
Received Import Request.
  Time since last request: 0.000014 seconds.
  path: Assets/Game Buffs/Free Realistic Textures/Textures/Forest_Ground_12/Forest_Ground_12_Normal.png
  artifactKey: Guid(09fbbf0521a961848a7a4d637b3e5741) Importer(815301076,1909f56bfc062723c751e8b465ee728b)
Start importing Assets/Game Buffs/Free Realistic Textures/Textures/Forest_Ground_12/Forest_Ground_12_Normal.png using Guid(09fbbf0521a961848a7a4d637b3e5741) Importer(815301076,1909f56bfc062723c751e8b465ee728b)  -> (artifact id: 'c3deed81cb2deab4097f47df0e1413d7') in 0.059214 seconds
Number of updated asset objects reloaded before import = 0
Number of asset objects unloaded after import = 2
========================================================================
Received Import Request.
  Time since last request: 0.000023 seconds.
  path: Assets/Game Buffs/Free Realistic Textures/Textures/Forest_Ground_12/Forest_Ground_12_Height.png
  artifactKey: Guid(2db01f65764bbd749ab185959c598a33) Importer(815301076,1909f56bfc062723c751e8b465ee728b)
Start importing Assets/Game Buffs/Free Realistic Textures/Textures/Forest_Ground_12/Forest_Ground_12_Height.png using Guid(2db01f65764bbd749ab185959c598a33) Importer(815301076,1909f56bfc062723c751e8b465ee728b)  -> (artifact id: '59ec3861b9319ddb89210ce127223607') in 0.050061 seconds
Number of updated asset objects reloaded before import = 0
Number of asset objects unloaded after import = 2
========================================================================
Received Import Request.
  Time since last request: 1.994342 seconds.
  path: Assets/Game Buffs/Free Realistic Textures/Textures/Gravel_11/Gravel_11_AO.png
  artifactKey: Guid(64a642703c0472e4687a5abab163f013) Importer(815301076,1909f56bfc062723c751e8b465ee728b)
Start importing Assets/Game Buffs/Free Realistic Textures/Textures/Gravel_11/Gravel_11_AO.png using Guid(64a642703c0472e4687a5abab163f013) Importer(815301076,1909f56bfc062723c751e8b465ee728b)  -> (artifact id: 'd740d55368e25914c5a84cb612960f0a') in 0.033783 seconds
Number of updated asset objects reloaded before import = 0
Number of asset objects unloaded after import = 2
========================================================================
Received Import Request.
  Time since last request: 0.000011 seconds.
  path: Assets/Game Buffs/Free Realistic Textures/Textures/Gravel_11/Gravel_11_Height.png
  artifactKey: Guid(18d28034326f6e347a1a52e0f91664dd) Importer(815301076,1909f56bfc062723c751e8b465ee728b)
Start importing Assets/Game Buffs/Free Realistic Textures/Textures/Gravel_11/Gravel_11_Height.png using Guid(18d28034326f6e347a1a52e0f91664dd) Importer(815301076,1909f56bfc062723c751e8b465ee728b)  -> (artifact id: '9a16bec768f084a7c81d4b311ce5b7a6') in 0.081859 seconds
Number of updated asset objects reloaded before import = 0
Number of asset objects unloaded after import = 2
========================================================================
Received Import Request.
  Time since last request: 0.000014 seconds.
  path: Assets/Game Buffs/Free Realistic Textures/Textures/Gravel_11/Gravel_11_Roughness.png
  artifactKey: Guid(89f041f63afe7524cb3cbdffa4148286) Importer(815301076,1909f56bfc062723c751e8b465ee728b)
Start importing Assets/Game Buffs/Free Realistic Textures/Textures/Gravel_11/Gravel_11_Roughness.png using Guid(89f041f63afe7524cb3cbdffa4148286) Importer(815301076,1909f56bfc062723c751e8b465ee728b)  -> (artifact id: 'b22e1c5b18cca246618d9c8cf1d63e92') in 0.076876 seconds
Number of updated asset objects reloaded before import = 0
Number of asset objects unloaded after import = 2
========================================================================
Received Prepare
Begin MonoManager ReloadAssembly
Symbol file LoadedFromMemory doesn't match image C:\Users\bosst\Documents\GitHub\Maze\Library\PackageCache\com.unity.visualscripting@1.8.0\Editor\VisualScripting.Core\Dependencies\YamlDotNet\Unity.VisualScripting.YamlDotNet.dll
Symbol file LoadedFromMemory doesn't match image C:\Users\bosst\Documents\GitHub\Maze\Library\PackageCache\com.unity.visualscripting@1.8.0\Editor\VisualScripting.Core\Dependencies\DotNetZip\Unity.VisualScripting.IonicZip.dll
- Loaded All Assemblies, in  0.553 seconds
Refreshing native plugins compatible for Editor in 3.43 ms, found 3 plugins.
Native extension for WindowsStandalone target not found
Native extension for WebGL target not found
Mono: successfully reloaded assembly
- Finished resetting the current domain, in  0.762 seconds
Domain Reload Profiling: 1313ms
	BeginReloadAssembly (116ms)
		ExecutionOrderSort (0ms)
		DisableScriptedObjects (4ms)
		BackupInstance (0ms)
		ReleaseScriptingObjects (0ms)
		CreateAndSetChildDomain (29ms)
	RebuildCommonClasses (27ms)
	RebuildNativeTypeToScriptingClass (12ms)
	initialDomainReloadingComplete (27ms)
	LoadAllAssembliesAndSetupDomain (368ms)
		LoadAssemblies (214ms)
		RebuildTransferFunctionScriptingTraits (0ms)
		AnalyzeDomain (204ms)
			TypeCache.Refresh (199ms)
				TypeCache.ScanAssembly (189ms)
			ScanForSourceGeneratedMonoScriptInfo (0ms)
			ResolveRequiredComponents (5ms)
	FinalizeReload (762ms)
		ReleaseScriptCaches (0ms)
		RebuildScriptCaches (0ms)
		SetupLoadedEditorAssemblies (310ms)
			LogAssemblyErrors (0ms)
			InitializePlatformSupportModulesInManaged (7ms)
			SetLoadedEditorAssemblies (3ms)
			RefreshPlugins (0ms)
			BeforeProcessingInitializeOnLoad (63ms)
			ProcessInitializeOnLoadAttributes (208ms)
			ProcessInitializeOnLoadMethodAttributes (18ms)
			AfterProcessingInitializeOnLoad (11ms)
			EditorAssembliesLoaded (0ms)
		ExecutionOrderSort2 (0ms)
		AwakeInstancesAfterBackupRestoration (9ms)
Refreshing native plugins compatible for Editor in 3.44 ms, found 3 plugins.
Preloading 0 native plugins for Editor in 0.00 ms.
Unloading 3080 Unused Serialized files (Serialized files now loaded: 0)
Unloading 22 unused Assets / (30.6 KB). Loaded Objects now: 3588.
Memory consumption went from 120.7 MB to 120.7 MB.
Total: 2.911900 ms (FindLiveObjects: 0.214400 ms CreateObjectMapping: 0.127500 ms MarkObjects: 2.527900 ms  DeleteObjects: 0.041200 ms)

Prepare: number of updated asset objects reloaded= 0
AssetImportParameters requested are different than current active one (requested -> active):
  custom:container-demuxer-ogg: 62fdf1f143b41e24485cea50d1cbac27 -> 
  custom:video-decoder-ogg-theora: a1e56fd34408186e4bbccfd4996cb3dc -> 
  custom:framework-win-MediaFoundation: 216162199b28c13a410421893ffa2e32 -> 
  custom:container-demuxer-webm: 4f35f7cbe854078d1ac9338744f61a02 -> 
  custom:container-muxer-webm: aa71ff27fc2769a1b78a27578f13a17b -> 
  custom:video-decoder-webm-vp8: 9c59270c3fd7afecdb556c50c9e8de78 -> 
  custom:AudioImporter_EditorPlatform: d09bf68614088b80899f8185d706f6e7 -> 
  custom:video-encoder-webm-vp8: eb34c28f22e8b96e1ab97ce403110664 -> 
  custom:audio-decoder-ogg-vorbis: bf7c407c2cedff20999df2af8eb42d56 -> 
  custom:audio-encoder-webm-vorbis: bf7c407c2cedff20999df2af8eb42d56 -> 
========================================================================
Received Import Request.
  Time since last request: 10.873961 seconds.
  path: Assets/Game Buffs/Free Realistic Textures/Textures/Medieval_Stone_Wall_16/Medieval_Stone_Wall_16_AO.png
  artifactKey: Guid(bb868db15aaa74c4693538fa934d4a12) Importer(815301076,1909f56bfc062723c751e8b465ee728b)
Start importing Assets/Game Buffs/Free Realistic Textures/Textures/Medieval_Stone_Wall_16/Medieval_Stone_Wall_16_AO.png using Guid(bb868db15aaa74c4693538fa934d4a12) Importer(815301076,1909f56bfc062723c751e8b465ee728b)  -> (artifact id: '19455cfffd37da577707bc1f55cc24e4') in 0.061005 seconds
Number of updated asset objects reloaded before import = 0
Number of asset objects unloaded after import = 2
========================================================================
Received Import Request.
  Time since last request: 0.000016 seconds.
  path: Assets/Game Buffs/Free Realistic Textures/Textures/Medieval_Stone_Wall_16/Medieval_Stone_Wall_16_Height.png
  artifactKey: Guid(b904beace3dc04844b47f26e63fb6a85) Importer(815301076,1909f56bfc062723c751e8b465ee728b)
Start importing Assets/Game Buffs/Free Realistic Textures/Textures/Medieval_Stone_Wall_16/Medieval_Stone_Wall_16_Height.png using Guid(b904beace3dc04844b47f26e63fb6a85) Importer(815301076,1909f56bfc062723c751e8b465ee728b)  -> (artifact id: '03b74330f7e49293c054d96209a3ac4e') in 0.028110 seconds
Number of updated asset objects reloaded before import = 0
Number of asset objects unloaded after import = 2
========================================================================
Received Prepare
Begin MonoManager ReloadAssembly
Symbol file LoadedFromMemory doesn't match image C:\Users\bosst\Documents\GitHub\Maze\Library\PackageCache\com.unity.visualscripting@1.8.0\Editor\VisualScripting.Core\Dependencies\YamlDotNet\Unity.VisualScripting.YamlDotNet.dll
Symbol file LoadedFromMemory doesn't match image C:\Users\bosst\Documents\GitHub\Maze\Library\PackageCache\com.unity.visualscripting@1.8.0\Editor\VisualScripting.Core\Dependencies\DotNetZip\Unity.VisualScripting.IonicZip.dll
- Loaded All Assemblies, in  0.549 seconds
Refreshing native plugins compatible for Editor in 3.29 ms, found 3 plugins.
Native extension for WindowsStandalone target not found
Native extension for WebGL target not found
Mono: successfully reloaded assembly
- Finished resetting the current domain, in  0.764 seconds
Domain Reload Profiling: 1310ms
	BeginReloadAssembly (116ms)
		ExecutionOrderSort (0ms)
		DisableScriptedObjects (4ms)
		BackupInstance (0ms)
		ReleaseScriptingObjects (0ms)
		CreateAndSetChildDomain (28ms)
	RebuildCommonClasses (31ms)
	RebuildNativeTypeToScriptingClass (10ms)
	initialDomainReloadingComplete (28ms)
	LoadAllAssembliesAndSetupDomain (361ms)
		LoadAssemblies (211ms)
		RebuildTransferFunctionScriptingTraits (0ms)
		AnalyzeDomain (201ms)
			TypeCache.Refresh (197ms)
				TypeCache.ScanAssembly (188ms)
			ScanForSourceGeneratedMonoScriptInfo (0ms)
			ResolveRequiredComponents (3ms)
	FinalizeReload (764ms)
		ReleaseScriptCaches (0ms)
		RebuildScriptCaches (0ms)
		SetupLoadedEditorAssemblies (312ms)
			LogAssemblyErrors (0ms)
			InitializePlatformSupportModulesInManaged (9ms)
			SetLoadedEditorAssemblies (3ms)
			RefreshPlugins (0ms)
			BeforeProcessingInitializeOnLoad (64ms)
			ProcessInitializeOnLoadAttributes (207ms)
			ProcessInitializeOnLoadMethodAttributes (19ms)
			AfterProcessingInitializeOnLoad (9ms)
			EditorAssembliesLoaded (0ms)
		ExecutionOrderSort2 (0ms)
		AwakeInstancesAfterBackupRestoration (8ms)
Refreshing native plugins compatible for Editor in 3.50 ms, found 3 plugins.
Preloading 0 native plugins for Editor in 0.00 ms.
Unloading 3080 Unused Serialized files (Serialized files now loaded: 0)
Unloading 22 unused Assets / (30.6 KB). Loaded Objects now: 3591.
Memory consumption went from 120.7 MB to 120.7 MB.
Total: 2.927400 ms (FindLiveObjects: 0.224400 ms CreateObjectMapping: 0.153900 ms MarkObjects: 2.467800 ms  DeleteObjects: 0.080600 ms)

Prepare: number of updated asset objects reloaded= 0
AssetImportParameters requested are different than current active one (requested -> active):
  custom:container-demuxer-ogg: 62fdf1f143b41e24485cea50d1cbac27 -> 
  custom:video-decoder-ogg-theora: a1e56fd34408186e4bbccfd4996cb3dc -> 
  custom:framework-win-MediaFoundation: 216162199b28c13a410421893ffa2e32 -> 
  custom:container-demuxer-webm: 4f35f7cbe854078d1ac9338744f61a02 -> 
  custom:container-muxer-webm: aa71ff27fc2769a1b78a27578f13a17b -> 
  custom:video-decoder-webm-vp8: 9c59270c3fd7afecdb556c50c9e8de78 -> 
  custom:AudioImporter_EditorPlatform: d09bf68614088b80899f8185d706f6e7 -> 
  custom:video-encoder-webm-vp8: eb34c28f22e8b96e1ab97ce403110664 -> 
  custom:audio-decoder-ogg-vorbis: bf7c407c2cedff20999df2af8eb42d56 -> 
  custom:audio-encoder-webm-vorbis: bf7c407c2cedff20999df2af8eb42d56 -> 
========================================================================
Received Import Request.
  Time since last request: 10.068184 seconds.
  path: Assets/Game Buffs/Free Realistic Textures/Textures/Mixed_Snow_1/Mixed_Snow_1_AO.png
  artifactKey: Guid(700ee54868c2e884ba2648c08ad7d030) Importer(815301076,1909f56bfc062723c751e8b465ee728b)
Start importing Assets/Game Buffs/Free Realistic Textures/Textures/Mixed_Snow_1/Mixed_Snow_1_AO.png using Guid(700ee54868c2e884ba2648c08ad7d030) Importer(815301076,1909f56bfc062723c751e8b465ee728b)  -> (artifact id: '650d0e595fee36c7d674210745d497b8') in 0.044980 seconds
Number of updated asset objects reloaded before import = 0
Number of asset objects unloaded after import = 2
========================================================================
Received Import Request.
  Time since last request: 0.000028 seconds.
  path: Assets/Game Buffs/Free Realistic Textures/Textures/Mixed_Snow_1/Mixed_Snow_1_Height.png
  artifactKey: Guid(e45cdf2036a514f4e9ac4e3befaf9283) Importer(815301076,1909f56bfc062723c751e8b465ee728b)
Start importing Assets/Game Buffs/Free Realistic Textures/Textures/Mixed_Snow_1/Mixed_Snow_1_Height.png using Guid(e45cdf2036a514f4e9ac4e3befaf9283) Importer(815301076,1909f56bfc062723c751e8b465ee728b)  -> (artifact id: '9125e28c35eecec63a6b7c2d54f56339') in 0.021543 seconds
Number of updated asset objects reloaded before import = 0
Number of asset objects unloaded after import = 2
========================================================================
Received Import Request.
  Time since last request: 1.384974 seconds.
  path: Assets/Game Buffs/Free Realistic Textures/Textures/Polished_Marble_34/Polished_Marble_34_AO.png
  artifactKey: Guid(98245c73d04f1ec4688ee16ddd4a47e8) Importer(815301076,1909f56bfc062723c751e8b465ee728b)
Start importing Assets/Game Buffs/Free Realistic Textures/Textures/Polished_Marble_34/Polished_Marble_34_AO.png using Guid(98245c73d04f1ec4688ee16ddd4a47e8) Importer(815301076,1909f56bfc062723c751e8b465ee728b)  -> (artifact id: 'e45c02f0ccc3d883e80b46973ab98238') in 0.020110 seconds
Number of updated asset objects reloaded before import = 0
Number of asset objects unloaded after import = 2
========================================================================
Received Import Request.
  Time since last request: 0.000028 seconds.
  path: Assets/Game Buffs/Free Realistic Textures/Textures/Polished_Marble_34/Polished_Marble_34_Normal.png
  artifactKey: Guid(6adfcbabf3ff90f44b908db4bfb6c8c4) Importer(815301076,1909f56bfc062723c751e8b465ee728b)
Start importing Assets/Game Buffs/Free Realistic Textures/Textures/Polished_Marble_34/Polished_Marble_34_Normal.png using Guid(6adfcbabf3ff90f44b908db4bfb6c8c4) Importer(815301076,1909f56bfc062723c751e8b465ee728b)  -> (artifact id: '715e323acfe73b643f2502de4b89d8c9') in 0.028775 seconds
Number of updated asset objects reloaded before import = 0
Number of asset objects unloaded after import = 2
========================================================================
Received Import Request.
  Time since last request: 3.103661 seconds.
  path: Assets/Game Buffs/Free Realistic Textures/Textures/Rocky_Grass_17/Rocky_Grass_17_AO.png
  artifactKey: Guid(b7fa2d414151fa045a9113b25ebf8c83) Importer(815301076,1909f56bfc062723c751e8b465ee728b)
Start importing Assets/Game Buffs/Free Realistic Textures/Textures/Rocky_Grass_17/Rocky_Grass_17_AO.png using Guid(b7fa2d414151fa045a9113b25ebf8c83) Importer(815301076,1909f56bfc062723c751e8b465ee728b)  -> (artifact id: '2efaa0cc9938ac32eb03bd57d2340780') in 0.025102 seconds
Number of updated asset objects reloaded before import = 0
Number of asset objects unloaded after import = 2
========================================================================
Received Import Request.
  Time since last request: 0.000038 seconds.
  path: Assets/Game Buffs/Free Realistic Textures/Textures/Rocky_Grass_17/Rocky_Grass_17_Normal.png
  artifactKey: Guid(0587e81f79c0c4d4189d3a32c31d421c) Importer(815301076,1909f56bfc062723c751e8b465ee728b)
Start importing Assets/Game Buffs/Free Realistic Textures/Textures/Rocky_Grass_17/Rocky_Grass_17_Normal.png using Guid(0587e81f79c0c4d4189d3a32c31d421c) Importer(815301076,1909f56bfc062723c751e8b465ee728b)  -> (artifact id: 'fd92e11999dfe965f64da0f62088e1ba') in 0.032136 seconds
Number of updated asset objects reloaded before import = 0
Number of asset objects unloaded after import = 2
========================================================================
Received Import Request.
  Time since last request: 8.027569 seconds.
  path: Assets/Game Buffs/Free Realistic Textures/Textures/Rocky_Ground_15/Rocky_Ground_15_AO.png
  artifactKey: Guid(fab2fdd17bc65054384a7d1f072e5ff3) Importer(815301076,1909f56bfc062723c751e8b465ee728b)
Start importing Assets/Game Buffs/Free Realistic Textures/Textures/Rocky_Ground_15/Rocky_Ground_15_AO.png using Guid(fab2fdd17bc65054384a7d1f072e5ff3) Importer(815301076,1909f56bfc062723c751e8b465ee728b)  -> (artifact id: '6c274cc40e2ac6c62fc1e01255c769f7') in 0.044033 seconds
Number of updated asset objects reloaded before import = 0
Number of asset objects unloaded after import = 2
========================================================================
Received Import Request.
  Time since last request: 0.000024 seconds.
  path: Assets/Game Buffs/Free Realistic Textures/Textures/Rocky_Ground_15/Rocky_Ground_15_Roughness.png
  artifactKey: Guid(08699da306a85ad489576a2323a0b3d8) Importer(815301076,1909f56bfc062723c751e8b465ee728b)
Start importing Assets/Game Buffs/Free Realistic Textures/Textures/Rocky_Ground_15/Rocky_Ground_15_Roughness.png using Guid(08699da306a85ad489576a2323a0b3d8) Importer(815301076,1909f56bfc062723c751e8b465ee728b)  -> (artifact id: '02b9cc798b7c6c471c2af3dde77e1bea') in 0.019410 seconds
Number of updated asset objects reloaded before import = 0
Number of asset objects unloaded after import = 2
========================================================================
Received Import Request.
  Time since last request: 3.641840 seconds.
  path: Assets/Game Buffs/Free Realistic Textures/Textures/Rocky_Sand_1/Rocky_Sand_1_AO.png
  artifactKey: Guid(0168ace2bc62f094780c8c0e9cd22179) Importer(815301076,1909f56bfc062723c751e8b465ee728b)
Start importing Assets/Game Buffs/Free Realistic Textures/Textures/Rocky_Sand_1/Rocky_Sand_1_AO.png using Guid(0168ace2bc62f094780c8c0e9cd22179) Importer(815301076,1909f56bfc062723c751e8b465ee728b)  -> (artifact id: 'd548aa0e54a221c7326f1f1ae711d400') in 0.026028 seconds
Number of updated asset objects reloaded before import = 0
Number of asset objects unloaded after import = 2
========================================================================
Received Import Request.
  Time since last request: 0.000015 seconds.
  path: Assets/Game Buffs/Free Realistic Textures/Textures/Rocky_Sand_1/Rocky_Sand_1_Height.png
  artifactKey: Guid(8cf67408481bf534abdef7c3e8e69a99) Importer(815301076,1909f56bfc062723c751e8b465ee728b)
Start importing Assets/Game Buffs/Free Realistic Textures/Textures/Rocky_Sand_1/Rocky_Sand_1_Height.png using Guid(8cf67408481bf534abdef7c3e8e69a99) Importer(815301076,1909f56bfc062723c751e8b465ee728b)  -> (artifact id: 'abb20f5120f265bb0e4d70220b5b510d') in 0.016163 seconds
Number of updated asset objects reloaded before import = 0
Number of asset objects unloaded after import = 2
========================================================================
Received Import Request.
  Time since last request: 0.000016 seconds.
  path: Assets/Game Buffs/Free Realistic Textures/Textures/Rocky_Sand_1/Rocky_Sand_1_Normal.png
  artifactKey: Guid(d18d0d01302a09348b4d82dff95612d4) Importer(815301076,1909f56bfc062723c751e8b465ee728b)
Start importing Assets/Game Buffs/Free Realistic Textures/Textures/Rocky_Sand_1/Rocky_Sand_1_Normal.png using Guid(d18d0d01302a09348b4d82dff95612d4) Importer(815301076,1909f56bfc062723c751e8b465ee728b)  -> (artifact id: '941ddee66c70ed6e9f2b625777c2d40d') in 0.027714 seconds
Number of updated asset objects reloaded before import = 0
Number of asset objects unloaded after import = 2
========================================================================
Received Import Request.
  Time since last request: 3.608816 seconds.
  path: Assets/Game Buffs/Free Realistic Textures/Textures/Rough_Rock_1/Rough_Rock_1_AO.png
  artifactKey: Guid(d8afb3f3585df7449b2672bdba4bfa61) Importer(815301076,1909f56bfc062723c751e8b465ee728b)
Start importing Assets/Game Buffs/Free Realistic Textures/Textures/Rough_Rock_1/Rough_Rock_1_AO.png using Guid(d8afb3f3585df7449b2672bdba4bfa61) Importer(815301076,1909f56bfc062723c751e8b465ee728b)  -> (artifact id: '5c08703353cb32c4f0a254b4a8e8e553') in 0.075352 seconds
Number of updated asset objects reloaded before import = 0
Number of asset objects unloaded after import = 2
========================================================================
Received Import Request.
  Time since last request: 0.000014 seconds.
  path: Assets/Game Buffs/Free Realistic Textures/Textures/Rough_Rock_1/Rough_Rock_1_Mask.png
  artifactKey: Guid(0f2f742b8f51a3c4dafced200c09d68e) Importer(815301076,1909f56bfc062723c751e8b465ee728b)
Start importing Assets/Game Buffs/Free Realistic Textures/Textures/Rough_Rock_1/Rough_Rock_1_Mask.png using Guid(0f2f742b8f51a3c4dafced200c09d68e) Importer(815301076,1909f56bfc062723c751e8b465ee728b)  -> (artifact id: '0fbef4800277d9a3c9683d083131b832') in 0.031322 seconds
Number of updated asset objects reloaded before import = 0
Number of asset objects unloaded after import = 2
========================================================================
Received Import Request.
  Time since last request: 2.367889 seconds.
  path: Assets/Game Buffs/Free Realistic Textures/Textures/Rusty_Metal_11/Rusty_Metal_11_AO.png
  artifactKey: Guid(4ca34c64fbc148646a5182acbcf5cd04) Importer(815301076,1909f56bfc062723c751e8b465ee728b)
Start importing Assets/Game Buffs/Free Realistic Textures/Textures/Rusty_Metal_11/Rusty_Metal_11_AO.png using Guid(4ca34c64fbc148646a5182acbcf5cd04) Importer(815301076,1909f56bfc062723c751e8b465ee728b)  -> (artifact id: 'a56196a8c8df1a34c597a5b29dd9246b') in 0.017898 seconds
Number of updated asset objects reloaded before import = 0
Number of asset objects unloaded after import = 2
========================================================================
Received Import Request.
  Time since last request: 0.000029 seconds.
  path: Assets/Game Buffs/Free Realistic Textures/Textures/Rusty_Metal_11/Rusty_Metal_11_Height.png
  artifactKey: Guid(d0c20d262866a34459710f1e02bc14c1) Importer(815301076,1909f56bfc062723c751e8b465ee728b)
Start importing Assets/Game Buffs/Free Realistic Textures/Textures/Rusty_Metal_11/Rusty_Metal_11_Height.png using Guid(d0c20d262866a34459710f1e02bc14c1) Importer(815301076,1909f56bfc062723c751e8b465ee728b)  -> (artifact id: 'd7b6c0bf06c0be53d9d049036b1610b5') in 0.020939 seconds
Number of updated asset objects reloaded before import = 0
Number of asset objects unloaded after import = 2
========================================================================
Received Import Request.
  Time since last request: 0.000015 seconds.
  path: Assets/Game Buffs/Free Realistic Textures/Textures/Rusty_Metal_11/Rusty_Metal_11_Metallic.png
  artifactKey: Guid(480a890405a707e4888f3e71ef73226f) Importer(815301076,1909f56bfc062723c751e8b465ee728b)
Start importing Assets/Game Buffs/Free Realistic Textures/Textures/Rusty_Metal_11/Rusty_Metal_11_Metallic.png using Guid(480a890405a707e4888f3e71ef73226f) Importer(815301076,1909f56bfc062723c751e8b465ee728b)  -> (artifact id: 'c003e1be365a6e4204ef0d4fdcbfc06f') in 0.014444 seconds
Number of updated asset objects reloaded before import = 0
Number of asset objects unloaded after import = 2
========================================================================
Received Import Request.
  Time since last request: 6.297309 seconds.
  path: Assets/Game Buffs/Free Realistic Textures/Textures/Snowy_Concrete_Pavement_3/Snowy_Concrete_Pavement_3_AO.png
  artifactKey: Guid(f0438f29f9b372543adf6cdea454bc6c) Importer(815301076,1909f56bfc062723c751e8b465ee728b)
Start importing Assets/Game Buffs/Free Realistic Textures/Textures/Snowy_Concrete_Pavement_3/Snowy_Concrete_Pavement_3_AO.png using Guid(f0438f29f9b372543adf6cdea454bc6c) Importer(815301076,1909f56bfc062723c751e8b465ee728b)  -> (artifact id: '1503ec0c560c00d0164832b8bcb8314d') in 0.120395 seconds
Number of updated asset objects reloaded before import = 0
Number of asset objects unloaded after import = 2
========================================================================
Received Import Request.
  Time since last request: 0.000015 seconds.
  path: Assets/Game Buffs/Free Realistic Textures/Textures/Snowy_Concrete_Pavement_3/Snowy_Concrete_Pavement_3_Mask.png
  artifactKey: Guid(ff61a58f2bac90549ab865207fe48938) Importer(815301076,1909f56bfc062723c751e8b465ee728b)
Start importing Assets/Game Buffs/Free Realistic Textures/Textures/Snowy_Concrete_Pavement_3/Snowy_Concrete_Pavement_3_Mask.png using Guid(ff61a58f2bac90549ab865207fe48938) Importer(815301076,1909f56bfc062723c751e8b465ee728b)  -> (artifact id: '65ac5d7e88c6d389bde72567999bc430') in 0.040172 seconds
Number of updated asset objects reloaded before import = 0
Number of asset objects unloaded after import = 2
========================================================================
Received Import Request.
  Time since last request: 2.214587 seconds.
  path: Assets/Game Buffs/Free Realistic Textures/Textures/Snowy_Rock_21/Snowy_Rock_21_AO.png
  artifactKey: Guid(611a01c9d5eb5674a93db57cfb4b0312) Importer(815301076,1909f56bfc062723c751e8b465ee728b)
Start importing Assets/Game Buffs/Free Realistic Textures/Textures/Snowy_Rock_21/Snowy_Rock_21_AO.png using Guid(611a01c9d5eb5674a93db57cfb4b0312) Importer(815301076,1909f56bfc062723c751e8b465ee728b)  -> (artifact id: '1bafd9b0492b038c56da301e7af5a459') in 0.027292 seconds
Number of updated asset objects reloaded before import = 0
Number of asset objects unloaded after import = 2
========================================================================
Received Import Request.
  Time since last request: 0.000013 seconds.
  path: Assets/Game Buffs/Free Realistic Textures/Textures/Snowy_Rock_21/Snowy_Rock_21_Height.png
  artifactKey: Guid(a2150e5ecd100f14eaf1bb22769a6374) Importer(815301076,1909f56bfc062723c751e8b465ee728b)
Start importing Assets/Game Buffs/Free Realistic Textures/Textures/Snowy_Rock_21/Snowy_Rock_21_Height.png using Guid(a2150e5ecd100f14eaf1bb22769a6374) Importer(815301076,1909f56bfc062723c751e8b465ee728b)  -> (artifact id: '6a2d58ad18a8ffd4984823b6d280bb4c') in 0.067077 seconds
Number of updated asset objects reloaded before import = 0
Number of asset objects unloaded after import = 2
========================================================================
Received Import Request.
  Time since last request: 1.801114 seconds.
  path: Assets/Game Buffs/Free Realistic Textures/Textures/Wood_Planks_40/Wood_Planks_40_AO.png
  artifactKey: Guid(6c3b993d41d12ea479f387c7f3898a2a) Importer(815301076,1909f56bfc062723c751e8b465ee728b)
Start importing Assets/Game Buffs/Free Realistic Textures/Textures/Wood_Planks_40/Wood_Planks_40_AO.png using Guid(6c3b993d41d12ea479f387c7f3898a2a) Importer(815301076,1909f56bfc062723c751e8b465ee728b)  -> (artifact id: 'a23b453b411a34294542d31248760b3b') in 0.019841 seconds
Number of updated asset objects reloaded before import = 0
Number of asset objects unloaded after import = 2
========================================================================
Received Import Request.
  Time since last request: 0.000028 seconds.
  path: Assets/Game Buffs/Free Realistic Textures/Textures/Wood_Planks_40/Wood_Planks_40_Roughness.png
  artifactKey: Guid(2d557e3aa1c2f064c904915a9368e962) Importer(815301076,1909f56bfc062723c751e8b465ee728b)
Start importing Assets/Game Buffs/Free Realistic Textures/Textures/Wood_Planks_40/Wood_Planks_40_Roughness.png using Guid(2d557e3aa1c2f064c904915a9368e962) Importer(815301076,1909f56bfc062723c751e8b465ee728b)  -> (artifact id: '945dfce720ff024cf620e81d1fe94053') in 0.017398 seconds
Number of updated asset objects reloaded before import = 0
Number of asset objects unloaded after import = 2
========================================================================
Received Import Request.
  Time since last request: 0.000016 seconds.
  path: Assets/Game Buffs/Free Realistic Textures/Textures/Wood_Planks_40/Wood_Planks_40_Mask.png
  artifactKey: Guid(a7265d1fa1ef2314088c93baae97b03d) Importer(815301076,1909f56bfc062723c751e8b465ee728b)
Start importing Assets/Game Buffs/Free Realistic Textures/Textures/Wood_Planks_40/Wood_Planks_40_Mask.png using Guid(a7265d1fa1ef2314088c93baae97b03d) Importer(815301076,1909f56bfc062723c751e8b465ee728b)  -> (artifact id: '630a287d2e1ed809396bf8953388f945') in 0.021987 seconds
Number of updated asset objects reloaded before import = 0
Number of asset objects unloaded after import = 2
Editor requested this worker to shutdown with reason: Scaling down because of idle timeout
TcpMessagingSession - receive error: operation aborted. errorcode: 995, details:  /   -       .
AssetImportWorker is now disconnected from the server
Process exiting
Exiting without the bug reporter. Application will terminate with return code 0